<?xml version="1.0" encoding="UTF-8"?>
<coverage generated="1776435698695" clover="3.2.0">
  <project timestamp="1776435698695" name="All files">
    <metrics statements="336" coveredstatements="70" conditionals="164" coveredconditionals="22" methods="78" coveredmethods="10" elements="578" coveredelements="102" complexity="0" loc="336" ncloc="336" packages="2" files="14" classes="14"/>
    <package name="agents">
      <metrics statements="91" coveredstatements="17" conditionals="45" coveredconditionals="6" methods="17" coveredmethods="3"/>
      <file name="answerer.ts" path="/home/cyhunblr/PROJECTs/synaphex/src/agents/answerer.ts">
        <metrics statements="13" coveredstatements="13" conditionals="6" coveredconditionals="6" methods="2" coveredmethods="2"/>
        <line num="6" count="1" type="stmt"/>
        <line num="23" count="1" type="stmt"/>
        <line num="29" count="5" type="stmt"/>
        <line num="31" count="5" type="cond" truecount="2" falsecount="0"/>
        <line num="32" count="1" type="stmt"/>
        <line num="35" count="5" type="stmt"/>
        <line num="47" count="5" type="stmt"/>
        <line num="53" count="1" type="stmt"/>
        <line num="58" count="11" type="stmt"/>
        <line num="59" count="11" type="stmt"/>
        <line num="61" count="11" type="cond" truecount="2" falsecount="0"/>
        <line num="62" count="7" type="stmt"/>
        <line num="73" count="4" type="stmt"/>
      </file>
      <file name="coder.ts" path="/home/cyhunblr/PROJECTs/synaphex/src/agents/coder.ts">
        <metrics statements="3" coveredstatements="0" conditionals="0" coveredconditionals="0" methods="1" coveredmethods="0"/>
        <line num="8" count="0" type="stmt"/>
        <line num="44" count="0" type="stmt"/>
        <line num="143" count="0" type="stmt"/>
      </file>
      <file name="examiner.ts" path="/home/cyhunblr/PROJECTs/synaphex/src/agents/examiner.ts">
        <metrics statements="55" coveredstatements="0" conditionals="26" coveredconditionals="0" methods="10" coveredmethods="0"/>
        <line num="12" count="0" type="stmt"/>
        <line num="14" count="0" type="stmt"/>
        <line num="15" count="0" type="stmt"/>
        <line num="16" count="0" type="stmt"/>
        <line num="23" count="0" type="stmt"/>
        <line num="24" count="0" type="stmt"/>
        <line num="25" count="0" type="cond" truecount="0" falsecount="2"/>
        <line num="29" count="0" type="stmt"/>
        <line num="34" count="0" type="stmt"/>
        <line num="35" count="0" type="stmt"/>
        <line num="36" count="0" type="stmt"/>
        <line num="37" count="0" type="cond" truecount="0" falsecount="4"/>
        <line num="38" count="0" type="stmt"/>
        <line num="43" count="0" type="cond" truecount="0" falsecount="2"/>
        <line num="44" count="0" type="stmt"/>
        <line num="46" count="0" type="stmt"/>
        <line num="47" count="0" type="stmt"/>
        <line num="48" count="0" type="stmt"/>
        <line num="49" count="0" type="stmt"/>
        <line num="50" count="0" type="cond" truecount="0" falsecount="2"/>
        <line num="54" count="0" type="stmt"/>
        <line num="63" count="0" type="stmt"/>
        <line num="71" count="0" type="stmt"/>
        <line num="72" count="0" type="stmt"/>
        <line num="73" count="0" type="cond" truecount="0" falsecount="2"/>
        <line num="74" count="0" type="stmt"/>
        <line num="75" count="0" type="stmt"/>
        <line num="80" count="0" type="stmt"/>
        <line num="89" count="0" type="stmt"/>
        <line num="90" count="0" type="stmt"/>
        <line num="91" count="0" type="stmt"/>
        <line num="101" count="0" type="stmt"/>
        <line num="102" count="0" type="stmt"/>
        <line num="103" count="0" type="stmt"/>
        <line num="104" count="0" type="cond" truecount="0" falsecount="2"/>
        <line num="105" count="0" type="stmt"/>
        <line num="110" count="0" type="stmt"/>
        <line num="111" count="0" type="stmt"/>
        <line num="119" count="0" type="stmt"/>
        <line num="120" count="0" type="stmt"/>
        <line num="150" count="0" type="stmt"/>
        <line num="152" count="0" type="stmt"/>
        <line num="153" count="0" type="stmt"/>
        <line num="156" count="0" type="stmt"/>
        <line num="166" count="0" type="stmt"/>
        <line num="167" count="0" type="cond" truecount="0" falsecount="2"/>
        <line num="168" count="0" type="stmt"/>
        <line num="173" count="0" type="stmt"/>
        <line num="174" count="0" type="cond" truecount="0" falsecount="2"/>
        <line num="175" count="0" type="stmt"/>
        <line num="180" count="0" type="cond" truecount="0" falsecount="2"/>
        <line num="182" count="0" type="stmt"/>
        <line num="186" count="0" type="stmt"/>
        <line num="222" count="0" type="stmt"/>
        <line num="297" count="0" type="stmt"/>
      </file>
      <file name="planner.ts" path="/home/cyhunblr/PROJECTs/synaphex/src/agents/planner.ts">
        <metrics statements="6" coveredstatements="0" conditionals="5" coveredconditionals="0" methods="1" coveredmethods="0"/>
        <line num="6" count="0" type="stmt"/>
        <line num="53" count="0" type="stmt"/>
        <line num="55" count="0" type="cond" truecount="0" falsecount="5"/>
        <line num="56" count="0" type="stmt"/>
        <line num="64" count="0" type="stmt"/>
        <line num="70" count="0" type="stmt"/>
      </file>
      <file name="researcher.ts" path="/home/cyhunblr/PROJECTs/synaphex/src/agents/researcher.ts">
        <metrics statements="4" coveredstatements="4" conditionals="0" coveredconditionals="0" methods="1" coveredmethods="1"/>
        <line num="8" count="1" type="stmt"/>
        <line num="42" count="1" type="stmt"/>
        <line num="84" count="1" type="stmt"/>
        <line num="88" count="5" type="stmt"/>
      </file>
      <file name="reviewer.ts" path="/home/cyhunblr/PROJECTs/synaphex/src/agents/reviewer.ts">
        <metrics statements="10" coveredstatements="0" conditionals="8" coveredconditionals="0" methods="2" coveredmethods="0"/>
        <line num="8" count="0" type="stmt"/>
        <line num="44" count="0" type="stmt"/>
        <line num="97" count="0" type="stmt"/>
        <line num="127" count="0" type="stmt"/>
        <line num="129" count="0" type="cond" truecount="0" falsecount="2"/>
        <line num="131" count="0" type="stmt"/>
        <line num="140" count="0" type="cond" truecount="0" falsecount="2"/>
        <line num="143" count="0" type="stmt"/>
        <line num="146" count="0" type="cond" truecount="0" falsecount="2"/>
        <line num="152" count="0" type="stmt"/>
      </file>
    </package>
    <package name="lib">
      <metrics statements="245" coveredstatements="53" conditionals="119" coveredconditionals="16" methods="61" coveredmethods="7"/>
      <file name="agent-runtime.ts" path="/home/cyhunblr/PROJECTs/synaphex/src/lib/agent-runtime.ts">
        <metrics statements="71" coveredstatements="0" conditionals="45" coveredconditionals="0" methods="11" coveredmethods="0"/>
        <line num="18" count="0" type="stmt"/>
        <line num="21" count="0" type="cond" truecount="0" falsecount="2"/>
        <line num="22" count="0" type="stmt"/>
        <line num="23" count="0" type="cond" truecount="0" falsecount="2"/>
        <line num="24" count="0" type="stmt"/>
        <line num="29" count="0" type="stmt"/>
        <line num="31" count="0" type="stmt"/>
        <line num="38" count="0" type="cond" truecount="0" falsecount="4"/>
        <line num="39" count="0" type="stmt"/>
        <line num="41" count="0" type="stmt"/>
        <line num="42" count="0" type="stmt"/>
        <line num="47" count="0" type="stmt"/>
        <line num="56" count="0" type="stmt"/>
        <line num="57" count="0" type="stmt"/>
        <line num="67" count="0" type="stmt"/>
        <line num="75" count="0" type="stmt"/>
        <line num="76" count="0" type="cond" truecount="0" falsecount="1"/>
        <line num="78" count="0" type="stmt"/>
        <line num="80" count="0" type="cond" truecount="0" falsecount="4"/>
        <line num="83" count="0" type="stmt"/>
        <line num="84" count="0" type="cond" truecount="0" falsecount="2"/>
        <line num="85" count="0" type="stmt"/>
        <line num="88" count="0" type="stmt"/>
        <line num="89" count="0" type="cond" truecount="0" falsecount="2"/>
        <line num="90" count="0" type="cond" truecount="0" falsecount="2"/>
        <line num="91" count="0" type="stmt"/>
        <line num="98" count="0" type="cond" truecount="0" falsecount="2"/>
        <line num="99" count="0" type="stmt"/>
        <line num="107" count="0" type="stmt"/>
        <line num="109" count="0" type="stmt"/>
        <line num="112" count="0" type="stmt"/>
        <line num="113" count="0" type="stmt"/>
        <line num="114" count="0" type="stmt"/>
        <line num="115" count="0" type="stmt"/>
        <line num="116" count="0" type="stmt"/>
        <line num="118" count="0" type="stmt"/>
        <line num="119" count="0" type="stmt"/>
        <line num="128" count="0" type="stmt"/>
        <line num="129" count="0" type="cond" truecount="0" falsecount="2"/>
        <line num="132" count="0" type="stmt"/>
        <line num="133" count="0" type="stmt"/>
        <line num="134" count="0" type="cond" truecount="0" falsecount="2"/>
        <line num="135" count="0" type="stmt"/>
        <line num="136" count="0" type="cond" truecount="0" falsecount="2"/>
        <line num="137" count="0" type="stmt"/>
        <line num="138" count="0" type="cond" truecount="0" falsecount="2"/>
        <line num="139" count="0" type="stmt"/>
        <line num="144" count="0" type="cond" truecount="0" falsecount="4"/>
        <line num="145" count="0" type="stmt"/>
        <line num="149" count="0" type="stmt"/>
        <line num="152" count="0" type="stmt"/>
        <line num="158" count="0" type="stmt"/>
        <line num="159" count="0" type="stmt"/>
        <line num="160" count="0" type="stmt"/>
        <line num="164" count="0" type="stmt"/>
        <line num="173" count="0" type="stmt"/>
        <line num="179" count="0" type="cond" truecount="0" falsecount="2"/>
        <line num="180" count="0" type="stmt"/>
        <line num="184" count="0" type="stmt"/>
        <line num="198" count="0" type="stmt"/>
        <line num="199" count="0" type="stmt"/>
        <line num="201" count="0" type="stmt"/>
        <line num="202" count="0" type="cond" truecount="0" falsecount="2"/>
        <line num="203" count="0" type="stmt"/>
        <line num="204" count="0" type="stmt"/>
        <line num="205" count="0" type="stmt"/>
        <line num="207" count="0" type="cond" truecount="0" falsecount="2"/>
        <line num="208" count="0" type="stmt"/>
        <line num="209" count="0" type="stmt"/>
        <line num="210" count="0" type="stmt"/>
        <line num="212" count="0" type="stmt"/>
      </file>
      <file name="delegated-prompt.ts" path="/home/cyhunblr/PROJECTs/synaphex/src/lib/delegated-prompt.ts">
        <metrics statements="26" coveredstatements="0" conditionals="21" coveredconditionals="0" methods="3" coveredmethods="0"/>
        <line num="16" count="0" type="stmt"/>
        <line num="26" count="0" type="stmt"/>
        <line num="40" count="0" type="stmt"/>
        <line num="41" count="0" type="cond" truecount="0" falsecount="4"/>
        <line num="42" count="0" type="stmt"/>
        <line num="45" count="0" type="stmt"/>
        <line num="46" count="0" type="stmt"/>
        <line num="47" count="0" type="stmt"/>
        <line num="49" count="0" type="stmt"/>
        <line num="50" count="0" type="stmt"/>
        <line num="52" count="0" type="cond" truecount="0" falsecount="4"/>
        <line num="53" count="0" type="stmt"/>
        <line num="59" count="0" type="cond" truecount="0" falsecount="2"/>
        <line num="61" count="0" type="cond" truecount="0" falsecount="2"/>
        <line num="63" count="0" type="cond" truecount="0" falsecount="2"/>
        <line num="67" count="0" type="stmt"/>
        <line num="86" count="0" type="cond" truecount="0" falsecount="5"/>
        <line num="88" count="0" type="stmt"/>
        <line num="99" count="0" type="stmt"/>
        <line num="111" count="0" type="stmt"/>
        <line num="123" count="0" type="stmt"/>
        <line num="130" count="0" type="stmt"/>
        <line num="150" count="0" type="cond" truecount="0" falsecount="2"/>
        <line num="152" count="0" type="stmt"/>
        <line num="153" count="0" type="stmt"/>
        <line num="161" count="0" type="stmt"/>
      </file>
      <file name="error-messages.ts" path="/home/cyhunblr/PROJECTs/synaphex/src/lib/error-messages.ts">
        <metrics statements="10" coveredstatements="0" conditionals="4" coveredconditionals="0" methods="6" coveredmethods="0"/>
        <line num="11" count="0" type="stmt"/>
        <line num="12" count="0" type="stmt"/>
        <line num="14" count="0" type="stmt"/>
        <line num="15" count="0" type="stmt"/>
        <line num="16" count="0" type="cond" truecount="0" falsecount="4"/>
        <line num="17" count="0" type="stmt"/>
        <line num="21" count="0" type="stmt"/>
        <line num="30" count="0" type="stmt"/>
        <line num="36" count="0" type="stmt"/>
        <line num="43" count="0" type="stmt"/>
      </file>
      <file name="pipeline-types.ts" path="/home/cyhunblr/PROJECTs/synaphex/src/lib/pipeline-types.ts">
        <metrics statements="2" coveredstatements="0" conditionals="0" coveredconditionals="0" methods="2" coveredmethods="0"/>
        <line num="50" count="0" type="stmt"/>
        <line num="54" count="0" type="stmt"/>
      </file>
      <file name="project-store.ts" path="/home/cyhunblr/PROJECTs/synaphex/src/lib/project-store.ts">
        <metrics statements="104" coveredstatements="53" conditionals="34" coveredconditionals="16" methods="26" coveredmethods="7"/>
        <line num="1" count="2" type="stmt"/>
        <line num="2" count="2" type="stmt"/>
        <line num="3" count="2" type="stmt"/>
        <line num="7" count="2" type="stmt"/>
        <line num="11" count="2" type="stmt"/>
        <line num="12" count="0" type="stmt"/>
        <line num="15" count="2" type="stmt"/>
        <line num="16" count="0" type="stmt"/>
        <line num="19" count="2" type="stmt"/>
        <line num="20" count="0" type="stmt"/>
        <line num="23" count="2" type="stmt"/>
        <line num="24" count="0" type="stmt"/>
        <line num="27" count="2" type="stmt"/>
        <line num="28" count="0" type="stmt"/>
        <line num="31" count="2" type="stmt"/>
        <line num="32" count="0" type="stmt"/>
        <line num="35" count="2" type="stmt"/>
        <line num="36" count="0" type="stmt"/>
        <line num="39" count="2" type="stmt"/>
        <line num="40" count="0" type="stmt"/>
        <line num="45" count="2" type="stmt"/>
        <line num="46" count="0" type="stmt"/>
        <line num="49" count="2" type="stmt"/>
        <line num="50" count="0" type="stmt"/>
        <line num="51" count="0" type="stmt"/>
        <line num="52" count="0" type="stmt"/>
        <line num="54" count="0" type="stmt"/>
        <line num="58" count="2" type="stmt"/>
        <line num="59" count="0" type="stmt"/>
        <line num="60" count="0" type="stmt"/>
        <line num="61" count="0" type="stmt"/>
        <line num="62" count="0" type="stmt"/>
        <line num="63" count="0" type="stmt"/>
        <line num="66" count="0" type="stmt"/>
        <line num="70" count="2" type="stmt"/>
        <line num="71" count="0" type="stmt"/>
        <line num="72" count="0" type="stmt"/>
        <line num="75" count="2" type="stmt"/>
        <line num="79" count="0" type="stmt"/>
        <line num="84" count="2" type="stmt"/>
        <line num="86" count="2" type="stmt"/>
        <line num="90" count="0" type="cond" truecount="0" falsecount="4"/>
        <line num="91" count="0" type="stmt"/>
        <line num="93" count="0" type="cond" truecount="0" falsecount="2"/>
        <line num="94" count="0" type="stmt"/>
        <line num="99" count="0" type="cond" truecount="0" falsecount="2"/>
        <line num="100" count="0" type="stmt"/>
        <line num="107" count="0" type="cond" truecount="0" falsecount="4"/>
        <line num="108" count="0" type="stmt"/>
        <line num="110" count="0" type="stmt"/>
        <line num="113" count="2" type="stmt"/>
        <line num="120" count="34" type="stmt"/>
        <line num="128" count="34" type="stmt"/>
        <line num="129" count="34" type="stmt"/>
        <line num="131" count="34" type="cond" truecount="2" falsecount="0"/>
        <line num="132" count="1" type="stmt"/>
        <line num="135" count="33" type="cond" truecount="2" falsecount="0"/>
        <line num="136" count="2" type="stmt"/>
        <line num="142" count="31" type="stmt"/>
        <line num="143" count="31" type="cond" truecount="2" falsecount="0"/>
        <line num="144" count="29" type="stmt"/>
        <line num="145" count="29" type="stmt"/>
        <line num="146" count="85" type="stmt"/>
        <line num="148" count="29" type="cond" truecount="2" falsecount="0"/>
        <line num="149" count="10" type="stmt"/>
        <line num="151" count="15" type="stmt"/>
        <line num="157" count="21" type="stmt"/>
        <line num="158" count="21" type="cond" truecount="2" falsecount="0"/>
        <line num="159" count="2" type="stmt"/>
        <line num="163" count="2" type="cond" truecount="1" falsecount="1"/>
        <line num="164" count="2" type="stmt"/>
        <line num="165" count="2" type="cond" truecount="1" falsecount="1"/>
        <line num="166" count="0" type="stmt"/>
        <line num="168" count="0" type="stmt"/>
        <line num="173" count="21" type="stmt"/>
        <line num="178" count="2" type="stmt"/>
        <line num="183" count="17" type="cond" truecount="2" falsecount="0"/>
        <line num="184" count="3" type="stmt"/>
        <line num="190" count="14" type="stmt"/>
        <line num="200" count="26" type="stmt"/>
        <line num="202" count="14" type="cond" truecount="2" falsecount="0"/>
        <line num="203" count="15" type="stmt"/>
        <line num="204" count="4" type="stmt"/>
        <line num="211" count="10" type="stmt"/>
        <line num="214" count="2" type="stmt"/>
        <line num="218" count="0" type="stmt"/>
        <line num="219" count="0" type="stmt"/>
        <line num="220" count="0" type="stmt"/>
        <line num="221" count="0" type="stmt"/>
        <line num="223" count="0" type="cond" truecount="0" falsecount="2"/>
        <line num="224" count="0" type="stmt"/>
        <line num="226" count="0" type="stmt"/>
        <line num="230" count="2" type="stmt"/>
        <line num="233" count="0" type="stmt"/>
        <line num="235" count="0" type="stmt"/>
        <line num="236" count="0" type="stmt"/>
        <line num="237" count="0" type="stmt"/>
        <line num="239" count="0" type="stmt"/>
        <line num="240" count="0" type="cond" truecount="0" falsecount="2"/>
        <line num="241" count="0" type="stmt"/>
        <line num="242" count="0" type="stmt"/>
        <line num="243" count="0" type="stmt"/>
        <line num="245" count="0" type="stmt"/>
        <line num="253" count="0" type="stmt"/>
      </file>
      <file name="settings-schema.ts" path="/home/cyhunblr/PROJECTs/synaphex/src/lib/settings-schema.ts">
        <metrics statements="12" coveredstatements="0" conditionals="7" coveredconditionals="0" methods="4" coveredmethods="0"/>
        <line num="6" count="0" type="stmt"/>
        <line num="58" count="0" type="stmt"/>
        <line num="174" count="0" type="stmt"/>
        <line num="188" count="0" type="cond" truecount="0" falsecount="2"/>
        <line num="189" count="0" type="stmt"/>
        <line num="190" count="0" type="cond" truecount="0" falsecount="2"/>
        <line num="192" count="0" type="stmt"/>
        <line num="198" count="0" type="stmt"/>
        <line num="256" count="0" type="stmt"/>
        <line num="258" count="0" type="stmt"/>
        <line num="259" count="0" type="cond" truecount="0" falsecount="2"/>
        <line num="262" count="0" type="stmt"/>
      </file>
      <file name="task-slug.ts" path="/home/cyhunblr/PROJECTs/synaphex/src/lib/task-slug.ts">
        <metrics statements="9" coveredstatements="0" conditionals="6" coveredconditionals="0" methods="1" coveredmethods="0"/>
        <line num="6" count="0" type="stmt"/>
        <line num="12" count="0" type="cond" truecount="0" falsecount="2"/>
        <line num="13" count="0" type="stmt"/>
        <line num="17" count="0" type="cond" truecount="0" falsecount="2"/>
        <line num="18" count="0" type="stmt"/>
        <line num="19" count="0" type="stmt"/>
        <line num="20" count="0" type="cond" truecount="0" falsecount="2"/>
        <line num="21" count="0" type="stmt"/>
        <line num="25" count="0" type="stmt"/>
      </file>
      <file name="task-state.ts" path="/home/cyhunblr/PROJECTs/synaphex/src/lib/task-state.ts">
        <metrics statements="11" coveredstatements="0" conditionals="2" coveredconditionals="0" methods="8" coveredmethods="0"/>
        <line num="10" count="0" type="stmt"/>
        <line num="21" count="0" type="stmt"/>
        <line num="22" count="0" type="stmt"/>
        <line num="23" count="0" type="stmt"/>
        <line num="25" count="0" type="stmt"/>
        <line num="26" count="0" type="stmt"/>
        <line num="27" count="0" type="stmt"/>
        <line num="30" count="0" type="cond" truecount="0" falsecount="2"/>
        <line num="34" count="0" type="stmt"/>
        <line num="38" count="0" type="stmt"/>
        <line num="42" count="0" type="stmt"/>
      </file>
    </package>
  </project>
</coverage>
