{"/home/cyhunblr/PROJECTs/synaphex/src/agents/answerer.ts": {"path":"/home/cyhunblr/PROJECTs/synaphex/src/agents/answerer.ts","statementMap":{"0":{"start":{"line":23,"column":0},"end":{"line":23,"column":16}},"1":{"start":{"line":53,"column":0},"end":{"line":53,"column":16}},"2":{"start":{"line":6,"column":13},"end":{"line":18,"column":2}},"3":{"start":{"line":29,"column":16},"end":{"line":29,"column":52}},"4":{"start":{"line":31,"column":2},"end":{"line":33,"column":3}},"5":{"start":{"line":32,"column":4},"end":{"line":32,"column":61}},"6":{"start":{"line":35,"column":2},"end":{"line":45,"column":4}},"7":{"start":{"line":47,"column":2},"end":{"line":47,"column":26}},"8":{"start":{"line":58,"column":24},"end":{"line":58,"column":56}},"9":{"start":{"line":59,"column":23},"end":{"line":59,"column":54}},"10":{"start":{"line":61,"column":2},"end":{"line":71,"column":3}},"11":{"start":{"line":62,"column":4},"end":{"line":70,"column":6}},"12":{"start":{"line":73,"column":2},"end":{"line":73,"column":51}}},"fnMap":{"0":{"name":"buildAnswererPrompt","decl":{"start":{"line":23,"column":16},"end":{"line":23,"column":35}},"loc":{"start":{"line":27,"column":26},"end":{"line":48,"column":1}}},"1":{"name":"parseAnswererResponse","decl":{"start":{"line":53,"column":16},"end":{"line":53,"column":37}},"loc":{"start":{"line":54,"column":14},"end":{"line":74,"column":1}}}},"branchMap":{"0":{"loc":{"start":{"line":31,"column":2},"end":{"line":33,"column":3}},"type":"if","locations":[{"start":{"line":31,"column":2},"end":{"line":33,"column":3}},{"start":{},"end":{}}]},"1":{"loc":{"start":{"line":61,"column":2},"end":{"line":71,"column":3}},"type":"if","locations":[{"start":{"line":61,"column":2},"end":{"line":71,"column":3}},{"start":{},"end":{}}]},"2":{"loc":{"start":{"line":66,"column":17},"end":{"line":68,"column":45}},"type":"cond-expr","locations":[{"start":{"line":67,"column":12},"end":{"line":67,"column":34}},{"start":{"line":68,"column":12},"end":{"line":68,"column":45}}]}},"s":{"0":1,"1":1,"2":1,"3":5,"4":5,"5":1,"6":5,"7":5,"8":11,"9":11,"10":11,"11":7,"12":4},"f":{"0":5,"1":11},"b":{"0":[1,4],"1":[7,4],"2":[6,1]}}
,"/home/cyhunblr/PROJECTs/synaphex/src/agents/coder.ts": {"path":"/home/cyhunblr/PROJECTs/synaphex/src/agents/coder.ts","statementMap":{"0":{"start":{"line":8,"column":35},"end":{"line":42,"column":2}},"1":{"start":{"line":44,"column":43},"end":{"line":131,"column":2}},"2":{"start":{"line":143,"column":2},"end":{"line":162,"column":15}}},"fnMap":{"0":{"name":"buildCoderPrompt","decl":{"start":{"line":136,"column":16},"end":{"line":136,"column":32}},"loc":{"start":{"line":141,"column":13},"end":{"line":163,"column":1}}}},"branchMap":{},"s":{"0":0,"1":0,"2":0},"f":{"0":0},"b":{}}
,"/home/cyhunblr/PROJECTs/synaphex/src/agents/examiner.ts": {"path":"/home/cyhunblr/PROJECTs/synaphex/src/agents/examiner.ts","statementMap":{"0":{"start":{"line":12,"column":22},"end":{"line":12,"column":41}},"1":{"start":{"line":14,"column":22},"end":{"line":14,"column":32}},"2":{"start":{"line":15,"column":25},"end":{"line":15,"column":28}},"3":{"start":{"line":16,"column":27},"end":{"line":16,"column":29}},"4":{"start":{"line":23,"column":19},"end":{"line":23,"column":46}},"5":{"start":{"line":24,"column":24},"end":{"line":24,"column":41}},"6":{"start":{"line":25,"column":2},"end":{"line":32,"column":3}},"7":{"start":{"line":29,"column":4},"end":{"line":31,"column":6}},"8":{"start":{"line":34,"column":2},"end":{"line":61,"column":3}},"9":{"start":{"line":35,"column":17},"end":{"line":35,"column":44}},"10":{"start":{"line":36,"column":20},"end":{"line":36,"column":52}},"11":{"start":{"line":37,"column":4},"end":{"line":41,"column":5}},"12":{"start":{"line":38,"column":6},"end":{"line":40,"column":8}},"13":{"start":{"line":43,"column":4},"end":{"line":45,"column":5}},"14":{"start":{"line":44,"column":6},"end":{"line":44,"column":16}},"15":{"start":{"line":46,"column":22},"end":{"line":46,"column":44}},"16":{"start":{"line":47,"column":4},"end":{"line":60,"column":5}},"17":{"start":{"line":48,"column":25},"end":{"line":48,"column":53}},"18":{"start":{"line":49,"column":22},"end":{"line":49,"column":54}},"19":{"start":{"line":50,"column":6},"end":{"line":57,"column":7}},"20":{"start":{"line":54,"column":8},"end":{"line":56,"column":10}},"21":{"start":{"line":63,"column":2},"end":{"line":63,"column":18}},"22":{"start":{"line":71,"column":14},"end":{"line":71,"column":47}},"23":{"start":{"line":72,"column":15},"end":{"line":72,"column":33}},"24":{"start":{"line":73,"column":2},"end":{"line":79,"column":3}},"25":{"start":{"line":74,"column":20},"end":{"line":74,"column":51}},"26":{"start":{"line":75,"column":4},"end":{"line":78,"column":6}},"27":{"start":{"line":80,"column":2},"end":{"line":80,"column":41}},"28":{"start":{"line":89,"column":14},"end":{"line":89,"column":47}},"29":{"start":{"line":90,"column":2},"end":{"line":90,"column":57}},"30":{"start":{"line":91,"column":2},"end":{"line":91,"column":44}},"31":{"start":{"line":101,"column":14},"end":{"line":101,"column":47}},"32":{"start":{"line":102,"column":18},"end":{"line":102,"column":49}},"33":{"start":{"line":103,"column":14},"end":{"line":103,"column":38}},"34":{"start":{"line":104,"column":2},"end":{"line":108,"column":3}},"35":{"start":{"line":105,"column":4},"end":{"line":107,"column":6}},"36":{"start":{"line":110,"column":4},"end":{"line":110,"column":73}},"37":{"start":{"line":111,"column":2},"end":{"line":111,"column":44}},"38":{"start":{"line":119,"column":2},"end":{"line":157,"column":3}},"39":{"start":{"line":120,"column":23},"end":{"line":147,"column":null}},"40":{"start":{"line":150,"column":4},"end":{"line":154,"column":34}},"41":{"start":{"line":152,"column":18},"end":{"line":152,"column":26}},"42":{"start":{"line":153,"column":21},"end":{"line":153,"column":33}},"43":{"start":{"line":156,"column":4},"end":{"line":156,"column":14}},"44":{"start":{"line":166,"column":2},"end":{"line":183,"column":3}},"45":{"start":{"line":167,"column":17},"end":{"line":167,"column":76}},"46":{"start":{"line":168,"column":23},"end":{"line":171,"column":6}},"47":{"start":{"line":173,"column":18},"end":{"line":173,"column":64}},"48":{"start":{"line":173,"column":51},"end":{"line":173,"column":63}},"49":{"start":{"line":174,"column":4},"end":{"line":179,"column":5}},"50":{"start":{"line":175,"column":6},"end":{"line":178,"column":8}},"51":{"start":{"line":180,"column":4},"end":{"line":180,"column":51}},"52":{"start":{"line":182,"column":4},"end":{"line":182,"column":31}},"53":{"start":{"line":186,"column":38},"end":{"line":220,"column":2}},"54":{"start":{"line":222,"column":46},"end":{"line":287,"column":2}},"55":{"start":{"line":297,"column":2},"end":{"line":310,"column":15}}},"fnMap":{"0":{"name":"safePath","decl":{"start":{"line":22,"column":22},"end":{"line":22,"column":30}},"loc":{"start":{"line":22,"column":60},"end":{"line":64,"column":1}}},"1":{"name":"readFile","decl":{"start":{"line":67,"column":22},"end":{"line":67,"column":30}},"loc":{"start":{"line":69,"column":22},"end":{"line":81,"column":1}}},"2":{"name":"writeFile","decl":{"start":{"line":84,"column":22},"end":{"line":84,"column":31}},"loc":{"start":{"line":87,"column":17},"end":{"line":92,"column":1}}},"3":{"name":"editFile","decl":{"start":{"line":95,"column":22},"end":{"line":95,"column":30}},"loc":{"start":{"line":99,"column":17},"end":{"line":112,"column":1}}},"4":{"name":"listFiles","decl":{"start":{"line":115,"column":22},"end":{"line":115,"column":31}},"loc":{"start":{"line":117,"column":17},"end":{"line":158,"column":1}}},"5":{"name":"(anonymous_5)","decl":{"start":{"line":152,"column":11},"end":{"line":152,"column":12}},"loc":{"start":{"line":152,"column":18},"end":{"line":152,"column":26}}},"6":{"name":"(anonymous_6)","decl":{"start":{"line":153,"column":14},"end":{"line":153,"column":15}},"loc":{"start":{"line":153,"column":21},"end":{"line":153,"column":33}}},"7":{"name":"searchCode","decl":{"start":{"line":161,"column":22},"end":{"line":161,"column":32}},"loc":{"start":{"line":164,"column":15},"end":{"line":184,"column":1}}},"8":{"name":"(anonymous_8)","decl":{"start":{"line":173,"column":44},"end":{"line":173,"column":45}},"loc":{"start":{"line":173,"column":51},"end":{"line":173,"column":63}}},"9":{"name":"buildExaminerPrompt","decl":{"start":{"line":292,"column":16},"end":{"line":292,"column":35}},"loc":{"start":{"line":295,"column":13},"end":{"line":311,"column":1}}}},"branchMap":{"0":{"loc":{"start":{"line":25,"column":2},"end":{"line":32,"column":3}},"type":"if","locations":[{"start":{"line":25,"column":2},"end":{"line":32,"column":3}},{"start":{},"end":{}}]},"1":{"loc":{"start":{"line":26,"column":4},"end":{"line":27,"column":30}},"type":"binary-expr","locations":[{"start":{"line":26,"column":4},"end":{"line":26,"column":50}},{"start":{"line":27,"column":4},"end":{"line":27,"column":30}}]},"2":{"loc":{"start":{"line":37,"column":4},"end":{"line":41,"column":5}},"type":"if","locations":[{"start":{"line":37,"column":4},"end":{"line":41,"column":5}},{"start":{},"end":{}}]},"3":{"loc":{"start":{"line":37,"column":8},"end":{"line":37,"column":64}},"type":"binary-expr","locations":[{"start":{"line":37,"column":8},"end":{"line":37,"column":44}},{"start":{"line":37,"column":48},"end":{"line":37,"column":64}}]},"4":{"loc":{"start":{"line":43,"column":4},"end":{"line":45,"column":5}},"type":"if","locations":[{"start":{"line":43,"column":4},"end":{"line":45,"column":5}},{"start":{},"end":{}}]},"5":{"loc":{"start":{"line":50,"column":6},"end":{"line":57,"column":7}},"type":"if","locations":[{"start":{"line":50,"column":6},"end":{"line":57,"column":7}},{"start":{},"end":{}}]},"6":{"loc":{"start":{"line":51,"column":8},"end":{"line":52,"column":30}},"type":"binary-expr","locations":[{"start":{"line":51,"column":8},"end":{"line":51,"column":50}},{"start":{"line":52,"column":8},"end":{"line":52,"column":30}}]},"7":{"loc":{"start":{"line":73,"column":2},"end":{"line":79,"column":3}},"type":"if","locations":[{"start":{"line":73,"column":2},"end":{"line":79,"column":3}},{"start":{},"end":{}}]},"8":{"loc":{"start":{"line":104,"column":2},"end":{"line":108,"column":3}},"type":"if","locations":[{"start":{"line":104,"column":2},"end":{"line":108,"column":3}},{"start":{},"end":{}}]},"9":{"loc":{"start":{"line":127,"column":8},"end":{"line":127,"column":22}},"type":"binary-expr","locations":[{"start":{"line":127,"column":8},"end":{"line":127,"column":15}},{"start":{"line":127,"column":19},"end":{"line":127,"column":22}}]},"10":{"loc":{"start":{"line":167,"column":39},"end":{"line":167,"column":50}},"type":"binary-expr","locations":[{"start":{"line":167,"column":39},"end":{"line":167,"column":43}},{"start":{"line":167,"column":47},"end":{"line":167,"column":50}}]},"11":{"loc":{"start":{"line":174,"column":4},"end":{"line":179,"column":5}},"type":"if","locations":[{"start":{"line":174,"column":4},"end":{"line":179,"column":5}},{"start":{},"end":{}}]},"12":{"loc":{"start":{"line":180,"column":11},"end":{"line":180,"column":50}},"type":"binary-expr","locations":[{"start":{"line":180,"column":11},"end":{"line":180,"column":27}},{"start":{"line":180,"column":31},"end":{"line":180,"column":50}}]}},"s":{"0":0,"1":0,"2":0,"3":0,"4":0,"5":0,"6":0,"7":0,"8":0,"9":0,"10":0,"11":0,"12":0,"13":0,"14":0,"15":0,"16":0,"17":0,"18":0,"19":0,"20":0,"21":0,"22":0,"23":0,"24":0,"25":0,"26":0,"27":0,"28":0,"29":0,"30":0,"31":0,"32":0,"33":0,"34":0,"35":0,"36":0,"37":0,"38":0,"39":0,"40":0,"41":0,"42":0,"43":0,"44":0,"45":0,"46":0,"47":0,"48":0,"49":0,"50":0,"51":0,"52":0,"53":0,"54":0,"55":0},"f":{"0":0,"1":0,"2":0,"3":0,"4":0,"5":0,"6":0,"7":0,"8":0,"9":0},"b":{"0":[0,0],"1":[0,0],"2":[0,0],"3":[0,0],"4":[0,0],"5":[0,0],"6":[0,0],"7":[0,0],"8":[0,0],"9":[0,0],"10":[0,0],"11":[0,0],"12":[0,0]}}
,"/home/cyhunblr/PROJECTs/synaphex/src/agents/planner.ts": {"path":"/home/cyhunblr/PROJECTs/synaphex/src/agents/planner.ts","statementMap":{"0":{"start":{"line":6,"column":37},"end":{"line":42,"column":2}},"1":{"start":{"line":53,"column":16},"end":{"line":53,"column":78}},"2":{"start":{"line":55,"column":2},"end":{"line":62,"column":3}},"3":{"start":{"line":56,"column":4},"end":{"line":61,"column":6}},"4":{"start":{"line":64,"column":2},"end":{"line":68,"column":4}},"5":{"start":{"line":70,"column":2},"end":{"line":70,"column":26}}},"fnMap":{"0":{"name":"buildPlannerPrompt","decl":{"start":{"line":47,"column":16},"end":{"line":47,"column":34}},"loc":{"start":{"line":51,"column":20},"end":{"line":71,"column":1}}}},"branchMap":{"0":{"loc":{"start":{"line":55,"column":2},"end":{"line":62,"column":3}},"type":"if","locations":[{"start":{"line":55,"column":2},"end":{"line":62,"column":3}},{"start":{},"end":{}}]},"1":{"loc":{"start":{"line":55,"column":6},"end":{"line":55,"column":52}},"type":"binary-expr","locations":[{"start":{"line":55,"column":6},"end":{"line":55,"column":22}},{"start":{"line":55,"column":26},"end":{"line":55,"column":35}},{"start":{"line":55,"column":39},"end":{"line":55,"column":52}}]}},"s":{"0":0,"1":0,"2":0,"3":0,"4":0,"5":0},"f":{"0":0},"b":{"0":[0,0],"1":[0,0,0]}}
,"/home/cyhunblr/PROJECTs/synaphex/src/agents/researcher.ts": {"path":"/home/cyhunblr/PROJECTs/synaphex/src/agents/researcher.ts","statementMap":{"0":{"start":{"line":84,"column":0},"end":{"line":84,"column":16}},"1":{"start":{"line":8,"column":13},"end":{"line":40,"column":2}},"2":{"start":{"line":42,"column":13},"end":{"line":79,"column":2}},"3":{"start":{"line":88,"column":2},"end":{"line":101,"column":15}}},"fnMap":{"0":{"name":"buildResearcherPrompt","decl":{"start":{"line":84,"column":16},"end":{"line":84,"column":37}},"loc":{"start":{"line":86,"column":25},"end":{"line":102,"column":1}}}},"branchMap":{},"s":{"0":1,"1":1,"2":1,"3":5},"f":{"0":5},"b":{}}
,"/home/cyhunblr/PROJECTs/synaphex/src/agents/reviewer.ts": {"path":"/home/cyhunblr/PROJECTs/synaphex/src/agents/reviewer.ts","statementMap":{"0":{"start":{"line":8,"column":38},"end":{"line":42,"column":2}},"1":{"start":{"line":44,"column":46},"end":{"line":85,"column":2}},"2":{"start":{"line":97,"column":2},"end":{"line":116,"column":15}},"3":{"start":{"line":127,"column":23},"end":{"line":127,"column":73}},"4":{"start":{"line":129,"column":2},"end":{"line":137,"column":3}},"5":{"start":{"line":131,"column":4},"end":{"line":136,"column":6}},"6":{"start":{"line":140,"column":4},"end":{"line":140,"column":79}},"7":{"start":{"line":143,"column":24},"end":{"line":144,"column":null}},"8":{"start":{"line":146,"column":29},"end":{"line":150,"column":10}},"9":{"start":{"line":152,"column":2},"end":{"line":152,"column":59}}},"fnMap":{"0":{"name":"buildReviewerPrompt","decl":{"start":{"line":90,"column":16},"end":{"line":90,"column":35}},"loc":{"start":{"line":95,"column":13},"end":{"line":117,"column":1}}},"1":{"name":"parseReviewerResponse","decl":{"start":{"line":122,"column":16},"end":{"line":122,"column":37}},"loc":{"start":{"line":122,"column":50},"end":{"line":153,"column":1}}}},"branchMap":{"0":{"loc":{"start":{"line":129,"column":2},"end":{"line":137,"column":3}},"type":"if","locations":[{"start":{"line":129,"column":2},"end":{"line":137,"column":3}},{"start":{},"end":{}}]},"1":{"loc":{"start":{"line":140,"column":4},"end":{"line":140,"column":79}},"type":"cond-expr","locations":[{"start":{"line":140,"column":51},"end":{"line":140,"column":61}},{"start":{"line":140,"column":64},"end":{"line":140,"column":79}}]},"2":{"loc":{"start":{"line":146,"column":29},"end":{"line":150,"column":10}},"type":"cond-expr","locations":[{"start":{"line":147,"column":6},"end":{"line":147,"column":29}},{"start":{"line":148,"column":6},"end":{"line":150,"column":10}}]},"3":{"loc":{"start":{"line":148,"column":6},"end":{"line":150,"column":10}},"type":"cond-expr","locations":[{"start":{"line":149,"column":8},"end":{"line":149,"column":12}},{"start":{"line":150,"column":8},"end":{"line":150,"column":10}}]}},"s":{"0":0,"1":0,"2":0,"3":0,"4":0,"5":0,"6":0,"7":0,"8":0,"9":0},"f":{"0":0,"1":0},"b":{"0":[0,0],"1":[0,0],"2":[0,0],"3":[0,0]}}
,"/home/cyhunblr/PROJECTs/synaphex/src/lib/agent-runtime.ts": {"path":"/home/cyhunblr/PROJECTs/synaphex/src/lib/agent-runtime.ts","statementMap":{"0":{"start":{"line":18,"column":32},"end":{"line":18,"column":36}},"1":{"start":{"line":21,"column":2},"end":{"line":30,"column":3}},"2":{"start":{"line":22,"column":19},"end":{"line":22,"column":48}},"3":{"start":{"line":23,"column":4},"end":{"line":28,"column":5}},"4":{"start":{"line":24,"column":6},"end":{"line":27,"column":8}},"5":{"start":{"line":29,"column":4},"end":{"line":29,"column":40}},"6":{"start":{"line":31,"column":2},"end":{"line":31,"column":17}},"7":{"start":{"line":38,"column":2},"end":{"line":40,"column":3}},"8":{"start":{"line":39,"column":4},"end":{"line":39,"column":32}},"9":{"start":{"line":41,"column":17},"end":{"line":41,"column":52}},"10":{"start":{"line":42,"column":2},"end":{"line":42,"column":52}},"11":{"start":{"line":47,"column":2},"end":{"line":51,"column":6}},"12":{"start":{"line":47,"column":27},"end":{"line":51,"column":4}},"13":{"start":{"line":56,"column":12},"end":{"line":56,"column":26}},"14":{"start":{"line":57,"column":2},"end":{"line":62,"column":4}},"15":{"start":{"line":67,"column":2},"end":{"line":67,"column":59}},"16":{"start":{"line":67,"column":34},"end":{"line":67,"column":57}},"17":{"start":{"line":75,"column":17},"end":{"line":75,"column":28}},"18":{"start":{"line":76,"column":74},"end":{"line":76,"column":78}},"19":{"start":{"line":78,"column":19},"end":{"line":78,"column":45}},"20":{"start":{"line":80,"column":4},"end":{"line":80,"column":67}},"21":{"start":{"line":83,"column":45},"end":{"line":110,"column":4}},"22":{"start":{"line":84,"column":4},"end":{"line":86,"column":5}},"23":{"start":{"line":85,"column":6},"end":{"line":85,"column":50}},"24":{"start":{"line":88,"column":50},"end":{"line":108,"column":6}},"25":{"start":{"line":89,"column":6},"end":{"line":89,"column":76}},"26":{"start":{"line":89,"column":29},"end":{"line":89,"column":76}},"27":{"start":{"line":90,"column":6},"end":{"line":97,"column":7}},"28":{"start":{"line":91,"column":8},"end":{"line":96,"column":10}},"29":{"start":{"line":98,"column":6},"end":{"line":105,"column":7}},"30":{"start":{"line":99,"column":8},"end":{"line":104,"column":10}},"31":{"start":{"line":107,"column":6},"end":{"line":107,"column":49}},"32":{"start":{"line":109,"column":4},"end":{"line":109,"column":45}},"33":{"start":{"line":112,"column":19},"end":{"line":112,"column":31}},"34":{"start":{"line":113,"column":19},"end":{"line":113,"column":21}},"35":{"start":{"line":114,"column":23},"end":{"line":114,"column":25}},"36":{"start":{"line":115,"column":19},"end":{"line":115,"column":20}},"37":{"start":{"line":116,"column":19},"end":{"line":116,"column":29}},"38":{"start":{"line":118,"column":2},"end":{"line":182,"column":3}},"39":{"start":{"line":118,"column":19},"end":{"line":118,"column":20}},"40":{"start":{"line":119,"column":21},"end":{"line":126,"column":6}},"41":{"start":{"line":128,"column":4},"end":{"line":128,"column":62}},"42":{"start":{"line":129,"column":4},"end":{"line":129,"column":52}},"43":{"start":{"line":132,"column":52},"end":{"line":132,"column":54}},"44":{"start":{"line":133,"column":4},"end":{"line":141,"column":5}},"45":{"start":{"line":134,"column":6},"end":{"line":140,"column":7}},"46":{"start":{"line":135,"column":8},"end":{"line":135,"column":33}},"47":{"start":{"line":136,"column":13},"end":{"line":140,"column":7}},"48":{"start":{"line":137,"column":8},"end":{"line":137,"column":41}},"49":{"start":{"line":138,"column":13},"end":{"line":140,"column":7}},"50":{"start":{"line":139,"column":8},"end":{"line":139,"column":34}},"51":{"start":{"line":144,"column":4},"end":{"line":146,"column":5}},"52":{"start":{"line":145,"column":6},"end":{"line":145,"column":12}},"53":{"start":{"line":149,"column":4},"end":{"line":149,"column":17}},"54":{"start":{"line":152,"column":4},"end":{"line":155,"column":7}},"55":{"start":{"line":158,"column":58},"end":{"line":158,"column":60}},"56":{"start":{"line":159,"column":4},"end":{"line":170,"column":5}},"57":{"start":{"line":160,"column":21},"end":{"line":162,"column":null}},"58":{"start":{"line":164,"column":6},"end":{"line":169,"column":9}},"59":{"start":{"line":173,"column":4},"end":{"line":176,"column":7}},"60":{"start":{"line":179,"column":4},"end":{"line":181,"column":5}},"61":{"start":{"line":180,"column":6},"end":{"line":180,"column":12}},"62":{"start":{"line":184,"column":2},"end":{"line":190,"column":4}},"63":{"start":{"line":198,"column":2},"end":{"line":213,"column":3}},"64":{"start":{"line":199,"column":4},"end":{"line":199,"column":48}},"65":{"start":{"line":201,"column":20},"end":{"line":201,"column":54}},"66":{"start":{"line":202,"column":4},"end":{"line":206,"column":5}},"67":{"start":{"line":203,"column":6},"end":{"line":203,"column":73}},"68":{"start":{"line":204,"column":6},"end":{"line":204,"column":26}},"69":{"start":{"line":205,"column":6},"end":{"line":205,"column":50}},"70":{"start":{"line":207,"column":4},"end":{"line":211,"column":5}},"71":{"start":{"line":208,"column":6},"end":{"line":208,"column":71}},"72":{"start":{"line":209,"column":6},"end":{"line":209,"column":26}},"73":{"start":{"line":210,"column":6},"end":{"line":210,"column":50}},"74":{"start":{"line":212,"column":4},"end":{"line":212,"column":14}}},"fnMap":{"0":{"name":"getClient","decl":{"start":{"line":20,"column":9},"end":{"line":20,"column":18}},"loc":{"start":{"line":20,"column":18},"end":{"line":32,"column":1}}},"1":{"name":"buildThinkingParam","decl":{"start":{"line":35,"column":9},"end":{"line":35,"column":27}},"loc":{"start":{"line":36,"column":21},"end":{"line":43,"column":1}}},"2":{"name":"toAnthropicTools","decl":{"start":{"line":46,"column":9},"end":{"line":46,"column":25}},"loc":{"start":{"line":46,"column":47},"end":{"line":52,"column":1}}},"3":{"name":"(anonymous_3)","decl":{"start":{"line":47,"column":19},"end":{"line":47,"column":20}},"loc":{"start":{"line":47,"column":27},"end":{"line":51,"column":4}}},"4":{"name":"extractUsage","decl":{"start":{"line":55,"column":9},"end":{"line":55,"column":21}},"loc":{"start":{"line":55,"column":49},"end":{"line":63,"column":1}}},"5":{"name":"sleep","decl":{"start":{"line":66,"column":9},"end":{"line":66,"column":14}},"loc":{"start":{"line":66,"column":25},"end":{"line":68,"column":1}}},"6":{"name":"(anonymous_6)","decl":{"start":{"line":67,"column":21},"end":{"line":67,"column":22}},"loc":{"start":{"line":67,"column":34},"end":{"line":67,"column":57}}},"7":{"name":"runAgent","decl":{"start":{"line":74,"column":22},"end":{"line":74,"column":30}},"loc":{"start":{"line":74,"column":52},"end":{"line":191,"column":1}}},"8":{"name":"(anonymous_8)","decl":{"start":{"line":83,"column":63},"end":{"line":83,"column":64}},"loc":{"start":{"line":83,"column":69},"end":{"line":110,"column":3}}},"9":{"name":"(anonymous_9)","decl":{"start":{"line":88,"column":64},"end":{"line":88,"column":65}},"loc":{"start":{"line":88,"column":70},"end":{"line":108,"column":5}}},"10":{"name":"callWithRetry","decl":{"start":{"line":194,"column":15},"end":{"line":194,"column":28}},"loc":{"start":{"line":196,"column":51},"end":{"line":214,"column":1}}}},"branchMap":{"0":{"loc":{"start":{"line":21,"column":2},"end":{"line":30,"column":3}},"type":"if","locations":[{"start":{"line":21,"column":2},"end":{"line":30,"column":3}},{"start":{},"end":{}}]},"1":{"loc":{"start":{"line":23,"column":4},"end":{"line":28,"column":5}},"type":"if","locations":[{"start":{"line":23,"column":4},"end":{"line":28,"column":5}},{"start":{},"end":{}}]},"2":{"loc":{"start":{"line":38,"column":2},"end":{"line":40,"column":3}},"type":"if","locations":[{"start":{"line":38,"column":2},"end":{"line":40,"column":3}},{"start":{},"end":{}}]},"3":{"loc":{"start":{"line":38,"column":6},"end":{"line":38,"column":42}},"type":"binary-expr","locations":[{"start":{"line":38,"column":6},"end":{"line":38,"column":19}},{"start":{"line":38,"column":23},"end":{"line":38,"column":42}}]},"4":{"loc":{"start":{"line":58,"column":17},"end":{"line":58,"column":36}},"type":"binary-expr","locations":[{"start":{"line":58,"column":17},"end":{"line":58,"column":31}},{"start":{"line":58,"column":35},"end":{"line":58,"column":36}}]},"5":{"loc":{"start":{"line":59,"column":18},"end":{"line":59,"column":38}},"type":"binary-expr","locations":[{"start":{"line":59,"column":18},"end":{"line":59,"column":33}},{"start":{"line":59,"column":37},"end":{"line":59,"column":38}}]},"6":{"loc":{"start":{"line":76,"column":51},"end":{"line":76,"column":69}},"type":"default-arg","locations":[{"start":{"line":76,"column":67},"end":{"line":76,"column":69}}]},"7":{"loc":{"start":{"line":80,"column":4},"end":{"line":80,"column":67}},"type":"cond-expr","locations":[{"start":{"line":80,"column":32},"end":{"line":80,"column":55}},{"start":{"line":80,"column":58},"end":{"line":80,"column":67}}]},"8":{"loc":{"start":{"line":80,"column":4},"end":{"line":80,"column":29}},"type":"binary-expr","locations":[{"start":{"line":80,"column":4},"end":{"line":80,"column":9}},{"start":{"line":80,"column":13},"end":{"line":80,"column":29}}]},"9":{"loc":{"start":{"line":84,"column":4},"end":{"line":86,"column":5}},"type":"if","locations":[{"start":{"line":84,"column":4},"end":{"line":86,"column":5}},{"start":{},"end":{}}]},"10":{"loc":{"start":{"line":89,"column":6},"end":{"line":89,"column":76}},"type":"if","locations":[{"start":{"line":89,"column":6},"end":{"line":89,"column":76}},{"start":{},"end":{}}]},"11":{"loc":{"start":{"line":90,"column":6},"end":{"line":97,"column":7}},"type":"if","locations":[{"start":{"line":90,"column":6},"end":{"line":97,"column":7}},{"start":{},"end":{}}]},"12":{"loc":{"start":{"line":98,"column":6},"end":{"line":105,"column":7}},"type":"if","locations":[{"start":{"line":98,"column":6},"end":{"line":105,"column":7}},{"start":{},"end":{}}]},"13":{"loc":{"start":{"line":121,"column":18},"end":{"line":121,"column":60}},"type":"cond-expr","locations":[{"start":{"line":121,"column":48},"end":{"line":121,"column":53}},{"start":{"line":121,"column":56},"end":{"line":121,"column":60}}]},"14":{"loc":{"start":{"line":129,"column":17},"end":{"line":129,"column":51}},"type":"binary-expr","locations":[{"start":{"line":129,"column":17},"end":{"line":129,"column":37}},{"start":{"line":129,"column":41},"end":{"line":129,"column":51}}]},"15":{"loc":{"start":{"line":134,"column":6},"end":{"line":140,"column":7}},"type":"if","locations":[{"start":{"line":134,"column":6},"end":{"line":140,"column":7}},{"start":{"line":136,"column":13},"end":{"line":140,"column":7}}]},"16":{"loc":{"start":{"line":136,"column":13},"end":{"line":140,"column":7}},"type":"if","locations":[{"start":{"line":136,"column":13},"end":{"line":140,"column":7}},{"start":{"line":138,"column":13},"end":{"line":140,"column":7}}]},"17":{"loc":{"start":{"line":138,"column":13},"end":{"line":140,"column":7}},"type":"if","locations":[{"start":{"line":138,"column":13},"end":{"line":140,"column":7}},{"start":{},"end":{}}]},"18":{"loc":{"start":{"line":144,"column":4},"end":{"line":146,"column":5}},"type":"if","locations":[{"start":{"line":144,"column":4},"end":{"line":146,"column":5}},{"start":{},"end":{}}]},"19":{"loc":{"start":{"line":144,"column":8},"end":{"line":144,"column":49}},"type":"binary-expr","locations":[{"start":{"line":144,"column":8},"end":{"line":144,"column":34}},{"start":{"line":144,"column":38},"end":{"line":144,"column":49}}]},"20":{"loc":{"start":{"line":179,"column":4},"end":{"line":181,"column":5}},"type":"if","locations":[{"start":{"line":179,"column":4},"end":{"line":181,"column":5}},{"start":{},"end":{}}]},"21":{"loc":{"start":{"line":202,"column":4},"end":{"line":206,"column":5}},"type":"if","locations":[{"start":{"line":202,"column":4},"end":{"line":206,"column":5}},{"start":{},"end":{}}]},"22":{"loc":{"start":{"line":207,"column":4},"end":{"line":211,"column":5}},"type":"if","locations":[{"start":{"line":207,"column":4},"end":{"line":211,"column":5}},{"start":{},"end":{}}]}},"s":{"0":0,"1":0,"2":0,"3":0,"4":0,"5":0,"6":0,"7":0,"8":0,"9":0,"10":0,"11":0,"12":0,"13":0,"14":0,"15":0,"16":0,"17":0,"18":0,"19":0,"20":0,"21":0,"22":0,"23":0,"24":0,"25":0,"26":0,"27":0,"28":0,"29":0,"30":0,"31":0,"32":0,"33":0,"34":0,"35":0,"36":0,"37":0,"38":0,"39":0,"40":0,"41":0,"42":0,"43":0,"44":0,"45":0,"46":0,"47":0,"48":0,"49":0,"50":0,"51":0,"52":0,"53":0,"54":0,"55":0,"56":0,"57":0,"58":0,"59":0,"60":0,"61":0,"62":0,"63":0,"64":0,"65":0,"66":0,"67":0,"68":0,"69":0,"70":0,"71":0,"72":0,"73":0,"74":0},"f":{"0":0,"1":0,"2":0,"3":0,"4":0,"5":0,"6":0,"7":0,"8":0,"9":0,"10":0},"b":{"0":[0,0],"1":[0,0],"2":[0,0],"3":[0,0],"4":[0,0],"5":[0,0],"6":[0],"7":[0,0],"8":[0,0],"9":[0,0],"10":[0,0],"11":[0,0],"12":[0,0],"13":[0,0],"14":[0,0],"15":[0,0],"16":[0,0],"17":[0,0],"18":[0,0],"19":[0,0],"20":[0,0],"21":[0,0],"22":[0,0]}}
,"/home/cyhunblr/PROJECTs/synaphex/src/lib/delegated-prompt.ts": {"path":"/home/cyhunblr/PROJECTs/synaphex/src/lib/delegated-prompt.ts","statementMap":{"0":{"start":{"line":16,"column":45},"end":{"line":23,"column":2}},"1":{"start":{"line":26,"column":36},"end":{"line":31,"column":2}},"2":{"start":{"line":40,"column":21},"end":{"line":40,"column":57}},"3":{"start":{"line":41,"column":2},"end":{"line":43,"column":3}},"4":{"start":{"line":42,"column":4},"end":{"line":42,"column":14}},"5":{"start":{"line":45,"column":24},"end":{"line":45,"column":54}},"6":{"start":{"line":46,"column":18},"end":{"line":46,"column":47}},"7":{"start":{"line":47,"column":15},"end":{"line":47,"column":45}},"8":{"start":{"line":49,"column":20},"end":{"line":49,"column":48}},"9":{"start":{"line":50,"column":20},"end":{"line":50,"column":48}},"10":{"start":{"line":52,"column":2},"end":{"line":57,"column":3}},"11":{"start":{"line":53,"column":4},"end":{"line":56,"column":17}},"12":{"start":{"line":59,"column":20},"end":{"line":59,"column":71}},"13":{"start":{"line":61,"column":4},"end":{"line":61,"column":61}},"14":{"start":{"line":63,"column":20},"end":{"line":65,"column":31}},"15":{"start":{"line":67,"column":2},"end":{"line":73,"column":15}},"16":{"start":{"line":86,"column":2},"end":{"line":131,"column":3}},"17":{"start":{"line":88,"column":6},"end":{"line":96,"column":19}},"18":{"start":{"line":99,"column":6},"end":{"line":108,"column":19}},"19":{"start":{"line":111,"column":6},"end":{"line":120,"column":19}},"20":{"start":{"line":123,"column":6},"end":{"line":127,"column":19}},"21":{"start":{"line":130,"column":6},"end":{"line":130,"column":16}},"22":{"start":{"line":150,"column":16},"end":{"line":150,"column":62}},"23":{"start":{"line":152,"column":25},"end":{"line":152,"column":75}},"24":{"start":{"line":153,"column":19},"end":{"line":158,"column":null}},"25":{"start":{"line":161,"column":2},"end":{"line":177,"column":15}}},"fnMap":{"0":{"name":"buildTransitionNote","decl":{"start":{"line":36,"column":9},"end":{"line":36,"column":28}},"loc":{"start":{"line":38,"column":28},"end":{"line":74,"column":1}}},"1":{"name":"buildNextStepHint","decl":{"start":{"line":79,"column":9},"end":{"line":79,"column":26}},"loc":{"start":{"line":84,"column":13},"end":{"line":132,"column":1}}},"2":{"name":"buildDelegatedPrompt","decl":{"start":{"line":149,"column":16},"end":{"line":149,"column":36}},"loc":{"start":{"line":149,"column":65},"end":{"line":178,"column":1}}}},"branchMap":{"0":{"loc":{"start":{"line":41,"column":2},"end":{"line":43,"column":3}},"type":"if","locations":[{"start":{"line":41,"column":2},"end":{"line":43,"column":3}},{"start":{},"end":{}}]},"1":{"loc":{"start":{"line":41,"column":6},"end":{"line":41,"column":66}},"type":"binary-expr","locations":[{"start":{"line":41,"column":6},"end":{"line":41,"column":23}},{"start":{"line":41,"column":27},"end":{"line":41,"column":66}}]},"2":{"loc":{"start":{"line":52,"column":2},"end":{"line":57,"column":3}},"type":"if","locations":[{"start":{"line":52,"column":2},"end":{"line":57,"column":3}},{"start":{},"end":{}}]},"3":{"loc":{"start":{"line":52,"column":6},"end":{"line":52,"column":28}},"type":"binary-expr","locations":[{"start":{"line":52,"column":6},"end":{"line":52,"column":15}},{"start":{"line":52,"column":19},"end":{"line":52,"column":28}}]},"4":{"loc":{"start":{"line":59,"column":20},"end":{"line":59,"column":71}},"type":"binary-expr","locations":[{"start":{"line":59,"column":20},"end":{"line":59,"column":57}},{"start":{"line":59,"column":61},"end":{"line":59,"column":71}}]},"5":{"loc":{"start":{"line":61,"column":4},"end":{"line":61,"column":61}},"type":"binary-expr","locations":[{"start":{"line":61,"column":4},"end":{"line":61,"column":44}},{"start":{"line":61,"column":48},"end":{"line":61,"column":61}}]},"6":{"loc":{"start":{"line":63,"column":20},"end":{"line":65,"column":31}},"type":"cond-expr","locations":[{"start":{"line":64,"column":6},"end":{"line":64,"column":39}},{"start":{"line":65,"column":6},"end":{"line":65,"column":31}}]},"7":{"loc":{"start":{"line":86,"column":2},"end":{"line":131,"column":3}},"type":"switch","locations":[{"start":{"line":87,"column":4},"end":{"line":96,"column":19}},{"start":{"line":98,"column":4},"end":{"line":108,"column":19}},{"start":{"line":110,"column":4},"end":{"line":120,"column":19}},{"start":{"line":122,"column":4},"end":{"line":127,"column":19}},{"start":{"line":129,"column":4},"end":{"line":130,"column":16}}]},"8":{"loc":{"start":{"line":150,"column":16},"end":{"line":150,"column":62}},"type":"binary-expr","locations":[{"start":{"line":150,"column":16},"end":{"line":150,"column":44}},{"start":{"line":150,"column":48},"end":{"line":150,"column":62}}]}},"s":{"0":0,"1":0,"2":0,"3":0,"4":0,"5":0,"6":0,"7":0,"8":0,"9":0,"10":0,"11":0,"12":0,"13":0,"14":0,"15":0,"16":0,"17":0,"18":0,"19":0,"20":0,"21":0,"22":0,"23":0,"24":0,"25":0},"f":{"0":0,"1":0,"2":0},"b":{"0":[0,0],"1":[0,0],"2":[0,0],"3":[0,0],"4":[0,0],"5":[0,0],"6":[0,0],"7":[0,0,0,0,0],"8":[0,0]}}
,"/home/cyhunblr/PROJECTs/synaphex/src/lib/error-messages.ts": {"path":"/home/cyhunblr/PROJECTs/synaphex/src/lib/error-messages.ts","statementMap":{"0":{"start":{"line":11,"column":24},"end":{"line":11,"column":42}},"1":{"start":{"line":12,"column":23},"end":{"line":19,"column":15}},"2":{"start":{"line":14,"column":26},"end":{"line":14,"column":55}},"3":{"start":{"line":15,"column":25},"end":{"line":15,"column":54}},"4":{"start":{"line":16,"column":24},"end":{"line":16,"column":75}},"5":{"start":{"line":17,"column":6},"end":{"line":17,"column":51}},"6":{"start":{"line":21,"column":2},"end":{"line":26,"column":64}},"7":{"start":{"line":30,"column":2},"end":{"line":32,"column":68}},"8":{"start":{"line":36,"column":2},"end":{"line":36,"column":89}},"9":{"start":{"line":43,"column":2},"end":{"line":43,"column":117}},"10":{"start":{"line":43,"column":72},"end":{"line":43,"column":83}}},"fnMap":{"0":{"name":"formatValidationError","decl":{"start":{"line":7,"column":16},"end":{"line":7,"column":37}},"loc":{"start":{"line":9,"column":26},"end":{"line":27,"column":1}}},"1":{"name":"(anonymous_1)","decl":{"start":{"line":13,"column":9},"end":{"line":13,"column":10}},"loc":{"start":{"line":13,"column":23},"end":{"line":18,"column":5}}},"2":{"name":"formatStepAlreadyDoneError","decl":{"start":{"line":29,"column":16},"end":{"line":29,"column":42}},"loc":{"start":{"line":29,"column":55},"end":{"line":33,"column":1}}},"3":{"name":"formatUnknownStepError","decl":{"start":{"line":35,"column":16},"end":{"line":35,"column":38}},"loc":{"start":{"line":35,"column":51},"end":{"line":37,"column":1}}},"4":{"name":"formatMissingPriorStepsError","decl":{"start":{"line":39,"column":16},"end":{"line":39,"column":44}},"loc":{"start":{"line":41,"column":24},"end":{"line":44,"column":1}}},"5":{"name":"(anonymous_5)","decl":{"start":{"line":43,"column":65},"end":{"line":43,"column":66}},"loc":{"start":{"line":43,"column":72},"end":{"line":43,"column":83}}}},"branchMap":{"0":{"loc":{"start":{"line":16,"column":24},"end":{"line":16,"column":75}},"type":"cond-expr","locations":[{"start":{"line":16,"column":38},"end":{"line":16,"column":41}},{"start":{"line":16,"column":44},"end":{"line":16,"column":75}}]},"1":{"loc":{"start":{"line":16,"column":44},"end":{"line":16,"column":75}},"type":"cond-expr","locations":[{"start":{"line":16,"column":57},"end":{"line":16,"column":69}},{"start":{"line":16,"column":72},"end":{"line":16,"column":75}}]}},"s":{"0":0,"1":0,"2":0,"3":0,"4":0,"5":0,"6":0,"7":0,"8":0,"9":0,"10":0},"f":{"0":0,"1":0,"2":0,"3":0,"4":0,"5":0},"b":{"0":[0,0],"1":[0,0]}}
,"/home/cyhunblr/PROJECTs/synaphex/src/lib/pipeline-types.ts": {"path":"/home/cyhunblr/PROJECTs/synaphex/src/lib/pipeline-types.ts","statementMap":{"0":{"start":{"line":50,"column":2},"end":{"line":50,"column":64}},"1":{"start":{"line":54,"column":2},"end":{"line":58,"column":4}}},"fnMap":{"0":{"name":"emptyUsage","decl":{"start":{"line":49,"column":16},"end":{"line":49,"column":26}},"loc":{"start":{"line":49,"column":26},"end":{"line":51,"column":1}}},"1":{"name":"addUsage","decl":{"start":{"line":53,"column":16},"end":{"line":53,"column":24}},"loc":{"start":{"line":53,"column":53},"end":{"line":59,"column":1}}}},"branchMap":{},"s":{"0":0,"1":0},"f":{"0":0,"1":0},"b":{}}
,"/home/cyhunblr/PROJECTs/synaphex/src/lib/project-store.ts": {"path":"/home/cyhunblr/PROJECTs/synaphex/src/lib/project-store.ts","statementMap":{"0":{"start":{"line":11,"column":0},"end":{"line":11,"column":16}},"1":{"start":{"line":15,"column":0},"end":{"line":15,"column":16}},"2":{"start":{"line":19,"column":0},"end":{"line":19,"column":16}},"3":{"start":{"line":23,"column":0},"end":{"line":23,"column":16}},"4":{"start":{"line":27,"column":0},"end":{"line":27,"column":16}},"5":{"start":{"line":31,"column":0},"end":{"line":31,"column":16}},"6":{"start":{"line":35,"column":0},"end":{"line":35,"column":16}},"7":{"start":{"line":39,"column":0},"end":{"line":39,"column":16}},"8":{"start":{"line":45,"column":0},"end":{"line":45,"column":7}},"9":{"start":{"line":49,"column":0},"end":{"line":49,"column":7}},"10":{"start":{"line":58,"column":0},"end":{"line":58,"column":7}},"11":{"start":{"line":70,"column":0},"end":{"line":70,"column":7}},"12":{"start":{"line":75,"column":0},"end":{"line":75,"column":7}},"13":{"start":{"line":86,"column":0},"end":{"line":86,"column":16}},"14":{"start":{"line":113,"column":0},"end":{"line":113,"column":16}},"15":{"start":{"line":178,"column":0},"end":{"line":178,"column":7}},"16":{"start":{"line":214,"column":0},"end":{"line":214,"column":7}},"17":{"start":{"line":230,"column":0},"end":{"line":230,"column":7}},"18":{"start":{"line":1,"column":0},"end":{"line":1,"column":41}},"19":{"start":{"line":2,"column":0},"end":{"line":2,"column":30}},"20":{"start":{"line":3,"column":0},"end":{"line":3,"column":34}},"21":{"start":{"line":7,"column":13},"end":{"line":7,"column":74}},"22":{"start":{"line":12,"column":2},"end":{"line":12,"column":43}},"23":{"start":{"line":16,"column":2},"end":{"line":16,"column":50}},"24":{"start":{"line":20,"column":2},"end":{"line":20,"column":51}},"25":{"start":{"line":24,"column":2},"end":{"line":24,"column":51}},"26":{"start":{"line":28,"column":2},"end":{"line":28,"column":57}},"27":{"start":{"line":32,"column":2},"end":{"line":32,"column":53}},"28":{"start":{"line":36,"column":2},"end":{"line":36,"column":56}},"29":{"start":{"line":40,"column":2},"end":{"line":40,"column":44}},"30":{"start":{"line":46,"column":2},"end":{"line":46,"column":53}},"31":{"start":{"line":50,"column":2},"end":{"line":55,"column":3}},"32":{"start":{"line":51,"column":17},"end":{"line":51,"column":51}},"33":{"start":{"line":52,"column":4},"end":{"line":52,"column":30}},"34":{"start":{"line":54,"column":4},"end":{"line":54,"column":17}},"35":{"start":{"line":59,"column":2},"end":{"line":67,"column":3}},"36":{"start":{"line":60,"column":20},"end":{"line":60,"column":76}},"37":{"start":{"line":61,"column":4},"end":{"line":64,"column":14}},"38":{"start":{"line":62,"column":21},"end":{"line":62,"column":36}},"39":{"start":{"line":63,"column":18},"end":{"line":63,"column":24}},"40":{"start":{"line":66,"column":4},"end":{"line":66,"column":14}},"41":{"start":{"line":71,"column":14},"end":{"line":71,"column":50}},"42":{"start":{"line":72,"column":2},"end":{"line":72,"column":30}},"43":{"start":{"line":79,"column":2},"end":{"line":79,"column":78}},"44":{"start":{"line":84,"column":16},"end":{"line":84,"column":39}},"45":{"start":{"line":90,"column":2},"end":{"line":92,"column":3}},"46":{"start":{"line":91,"column":4},"end":{"line":91,"column":64}},"47":{"start":{"line":93,"column":2},"end":{"line":98,"column":3}},"48":{"start":{"line":94,"column":4},"end":{"line":97,"column":6}},"49":{"start":{"line":99,"column":2},"end":{"line":106,"column":3}},"50":{"start":{"line":100,"column":4},"end":{"line":105,"column":6}},"51":{"start":{"line":107,"column":2},"end":{"line":109,"column":3}},"52":{"start":{"line":108,"column":4},"end":{"line":108,"column":74}},"53":{"start":{"line":110,"column":2},"end":{"line":110,"column":25}},"54":{"start":{"line":120,"column":24},"end":{"line":127,"column":4}},"55":{"start":{"line":128,"column":24},"end":{"line":128,"column":50}},"56":{"start":{"line":129,"column":19},"end":{"line":129,"column":55}},"57":{"start":{"line":131,"column":2},"end":{"line":133,"column":3}},"58":{"start":{"line":132,"column":4},"end":{"line":132,"column":60}},"59":{"start":{"line":135,"column":2},"end":{"line":140,"column":3}},"60":{"start":{"line":136,"column":4},"end":{"line":139,"column":6}},"61":{"start":{"line":142,"column":20},"end":{"line":142,"column":47}},"62":{"start":{"line":143,"column":2},"end":{"line":154,"column":3}},"63":{"start":{"line":144,"column":26},"end":{"line":144,"column":59}},"64":{"start":{"line":145,"column":25},"end":{"line":146,"column":null}},"65":{"start":{"line":146,"column":13},"end":{"line":146,"column":40}},"66":{"start":{"line":148,"column":4},"end":{"line":153,"column":5}},"67":{"start":{"line":149,"column":6},"end":{"line":152,"column":8}},"68":{"start":{"line":151,"column":64},"end":{"line":151,"column":72}},"69":{"start":{"line":157,"column":24},"end":{"line":157,"column":51}},"70":{"start":{"line":158,"column":2},"end":{"line":171,"column":3}},"71":{"start":{"line":159,"column":51},"end":{"line":162,"column":6}},"72":{"start":{"line":163,"column":17},"end":{"line":163,"column":41}},"73":{"start":{"line":164,"column":24},"end":{"line":164,"column":71}},"74":{"start":{"line":164,"column":43},"end":{"line":164,"column":70}},"75":{"start":{"line":165,"column":4},"end":{"line":170,"column":5}},"76":{"start":{"line":166,"column":6},"end":{"line":169,"column":8}},"77":{"start":{"line":168,"column":63},"end":{"line":168,"column":71}},"78":{"start":{"line":173,"column":2},"end":{"line":173,"column":25}},"79":{"start":{"line":183,"column":2},"end":{"line":188,"column":3}},"80":{"start":{"line":184,"column":4},"end":{"line":187,"column":6}},"81":{"start":{"line":190,"column":21},"end":{"line":199,"column":4}},"82":{"start":{"line":200,"column":23},"end":{"line":200,"column":77}},"83":{"start":{"line":200,"column":43},"end":{"line":200,"column":76}},"84":{"start":{"line":202,"column":2},"end":{"line":209,"column":3}},"85":{"start":{"line":203,"column":21},"end":{"line":203,"column":74}},"86":{"start":{"line":203,"column":41},"end":{"line":203,"column":73}},"87":{"start":{"line":204,"column":4},"end":{"line":208,"column":6}},"88":{"start":{"line":211,"column":2},"end":{"line":211,"column":25}},"89":{"start":{"line":218,"column":2},"end":{"line":227,"column":3}},"90":{"start":{"line":219,"column":20},"end":{"line":219,"column":56}},"91":{"start":{"line":220,"column":19},"end":{"line":220,"column":38}},"92":{"start":{"line":221,"column":4},"end":{"line":221,"column":23}},"93":{"start":{"line":223,"column":4},"end":{"line":225,"column":5}},"94":{"start":{"line":224,"column":6},"end":{"line":224,"column":22}},"95":{"start":{"line":226,"column":4},"end":{"line":226,"column":20}},"96":{"start":{"line":233,"column":27},"end":{"line":233,"column":29}},"97":{"start":{"line":235,"column":2},"end":{"line":251,"column":3}},"98":{"start":{"line":236,"column":24},"end":{"line":236,"column":56}},"99":{"start":{"line":237,"column":20},"end":{"line":237,"column":74}},"100":{"start":{"line":239,"column":4},"end":{"line":248,"column":5}},"101":{"start":{"line":240,"column":6},"end":{"line":247,"column":7}},"102":{"start":{"line":241,"column":25},"end":{"line":241,"column":59}},"103":{"start":{"line":242,"column":8},"end":{"line":246,"column":9}},"104":{"start":{"line":243,"column":10},"end":{"line":243,"column":36}},"105":{"start":{"line":245,"column":10},"end":{"line":245,"column":34}},"106":{"start":{"line":253,"column":2},"end":{"line":253,"column":20}}},"fnMap":{"0":{"name":"projectDir","decl":{"start":{"line":11,"column":16},"end":{"line":11,"column":26}},"loc":{"start":{"line":11,"column":42},"end":{"line":13,"column":1}}},"1":{"name":"memoryDir","decl":{"start":{"line":15,"column":16},"end":{"line":15,"column":25}},"loc":{"start":{"line":15,"column":41},"end":{"line":17,"column":1}}},"2":{"name":"internalMemoryDir","decl":{"start":{"line":19,"column":16},"end":{"line":19,"column":33}},"loc":{"start":{"line":19,"column":49},"end":{"line":21,"column":1}}},"3":{"name":"externalMemoryDir","decl":{"start":{"line":23,"column":16},"end":{"line":23,"column":33}},"loc":{"start":{"line":23,"column":49},"end":{"line":25,"column":1}}},"4":{"name":"settingsPath","decl":{"start":{"line":27,"column":16},"end":{"line":27,"column":28}},"loc":{"start":{"line":27,"column":44},"end":{"line":29,"column":1}}},"5":{"name":"metaPath","decl":{"start":{"line":31,"column":16},"end":{"line":31,"column":24}},"loc":{"start":{"line":31,"column":40},"end":{"line":33,"column":1}}},"6":{"name":"tasksDir","decl":{"start":{"line":35,"column":16},"end":{"line":35,"column":24}},"loc":{"start":{"line":35,"column":40},"end":{"line":37,"column":1}}},"7":{"name":"taskSlugDir","decl":{"start":{"line":39,"column":16},"end":{"line":39,"column":27}},"loc":{"start":{"line":39,"column":57},"end":{"line":41,"column":1}}},"8":{"name":"ensureSynaphexHome","decl":{"start":{"line":45,"column":22},"end":{"line":45,"column":40}},"loc":{"start":{"line":45,"column":40},"end":{"line":47,"column":1}}},"9":{"name":"projectExists","decl":{"start":{"line":49,"column":22},"end":{"line":49,"column":35}},"loc":{"start":{"line":49,"column":51},"end":{"line":56,"column":1}}},"10":{"name":"listProjects","decl":{"start":{"line":58,"column":22},"end":{"line":58,"column":34}},"loc":{"start":{"line":58,"column":34},"end":{"line":68,"column":1}}},"11":{"name":"(anonymous_20)","decl":{"start":{"line":62,"column":14},"end":{"line":62,"column":15}},"loc":{"start":{"line":62,"column":21},"end":{"line":62,"column":36}}},"12":{"name":"(anonymous_21)","decl":{"start":{"line":63,"column":11},"end":{"line":63,"column":12}},"loc":{"start":{"line":63,"column":18},"end":{"line":63,"column":24}}},"13":{"name":"readJsonFile","decl":{"start":{"line":70,"column":22},"end":{"line":70,"column":34}},"loc":{"start":{"line":70,"column":54},"end":{"line":73,"column":1}}},"14":{"name":"writeJsonFile","decl":{"start":{"line":75,"column":22},"end":{"line":75,"column":35}},"loc":{"start":{"line":77,"column":15},"end":{"line":80,"column":1}}},"15":{"name":"validateProjectName","decl":{"start":{"line":86,"column":16},"end":{"line":86,"column":35}},"loc":{"start":{"line":86,"column":48},"end":{"line":111,"column":1}}},"16":{"name":"validateTaskSequence","decl":{"start":{"line":113,"column":16},"end":{"line":113,"column":36}},"loc":{"start":{"line":115,"column":26},"end":{"line":174,"column":1}}},"17":{"name":"(anonymous_26)","decl":{"start":{"line":146,"column":6},"end":{"line":146,"column":7}},"loc":{"start":{"line":146,"column":13},"end":{"line":146,"column":40}}},"18":{"name":"(anonymous_27)","decl":{"start":{"line":151,"column":57},"end":{"line":151,"column":58}},"loc":{"start":{"line":151,"column":64},"end":{"line":151,"column":72}}},"19":{"name":"(anonymous_28)","decl":{"start":{"line":164,"column":36},"end":{"line":164,"column":37}},"loc":{"start":{"line":164,"column":43},"end":{"line":164,"column":70}}},"20":{"name":"(anonymous_29)","decl":{"start":{"line":168,"column":56},"end":{"line":168,"column":57}},"loc":{"start":{"line":168,"column":63},"end":{"line":168,"column":71}}},"21":{"name":"validateCompletedSteps","decl":{"start":{"line":178,"column":22},"end":{"line":178,"column":44}},"loc":{"start":{"line":178,"column":59},"end":{"line":212,"column":1}}},"22":{"name":"(anonymous_31)","decl":{"start":{"line":200,"column":36},"end":{"line":200,"column":37}},"loc":{"start":{"line":200,"column":43},"end":{"line":200,"column":76}}},"23":{"name":"(anonymous_32)","decl":{"start":{"line":203,"column":34},"end":{"line":203,"column":35}},"loc":{"start":{"line":203,"column":41},"end":{"line":203,"column":73}}},"24":{"name":"gracefulReadJsonFile","decl":{"start":{"line":214,"column":22},"end":{"line":214,"column":42}},"loc":{"start":{"line":216,"column":13},"end":{"line":228,"column":1}}},"25":{"name":"detectBrokenSymlinks","decl":{"start":{"line":230,"column":22},"end":{"line":230,"column":42}},"loc":{"start":{"line":231,"column":19},"end":{"line":254,"column":1}}}},"branchMap":{"0":{"loc":{"start":{"line":90,"column":2},"end":{"line":92,"column":3}},"type":"if","locations":[{"start":{"line":90,"column":2},"end":{"line":92,"column":3}},{"start":{},"end":{}}]},"1":{"loc":{"start":{"line":90,"column":6},"end":{"line":90,"column":51}},"type":"binary-expr","locations":[{"start":{"line":90,"column":6},"end":{"line":90,"column":30}},{"start":{"line":90,"column":34},"end":{"line":90,"column":51}}]},"2":{"loc":{"start":{"line":93,"column":2},"end":{"line":98,"column":3}},"type":"if","locations":[{"start":{"line":93,"column":2},"end":{"line":98,"column":3}},{"start":{},"end":{}}]},"3":{"loc":{"start":{"line":99,"column":2},"end":{"line":106,"column":3}},"type":"if","locations":[{"start":{"line":99,"column":2},"end":{"line":106,"column":3}},{"start":{},"end":{}}]},"4":{"loc":{"start":{"line":107,"column":2},"end":{"line":109,"column":3}},"type":"if","locations":[{"start":{"line":107,"column":2},"end":{"line":109,"column":3}},{"start":{},"end":{}}]},"5":{"loc":{"start":{"line":107,"column":6},"end":{"line":107,"column":35}},"type":"binary-expr","locations":[{"start":{"line":107,"column":6},"end":{"line":107,"column":18}},{"start":{"line":107,"column":22},"end":{"line":107,"column":35}}]},"6":{"loc":{"start":{"line":131,"column":2},"end":{"line":133,"column":3}},"type":"if","locations":[{"start":{"line":131,"column":2},"end":{"line":133,"column":3}},{"start":{},"end":{}}]},"7":{"loc":{"start":{"line":135,"column":2},"end":{"line":140,"column":3}},"type":"if","locations":[{"start":{"line":135,"column":2},"end":{"line":140,"column":3}},{"start":{},"end":{}}]},"8":{"loc":{"start":{"line":143,"column":2},"end":{"line":154,"column":3}},"type":"if","locations":[{"start":{"line":143,"column":2},"end":{"line":154,"column":3}},{"start":{},"end":{}}]},"9":{"loc":{"start":{"line":148,"column":4},"end":{"line":153,"column":5}},"type":"if","locations":[{"start":{"line":148,"column":4},"end":{"line":153,"column":5}},{"start":{},"end":{}}]},"10":{"loc":{"start":{"line":158,"column":2},"end":{"line":171,"column":3}},"type":"if","locations":[{"start":{"line":158,"column":2},"end":{"line":171,"column":3}},{"start":{},"end":{}}]},"11":{"loc":{"start":{"line":163,"column":17},"end":{"line":163,"column":41}},"type":"binary-expr","locations":[{"start":{"line":163,"column":17},"end":{"line":163,"column":35}},{"start":{"line":163,"column":39},"end":{"line":163,"column":41}}]},"12":{"loc":{"start":{"line":165,"column":4},"end":{"line":170,"column":5}},"type":"if","locations":[{"start":{"line":165,"column":4},"end":{"line":170,"column":5}},{"start":{},"end":{}}]},"13":{"loc":{"start":{"line":183,"column":2},"end":{"line":188,"column":3}},"type":"if","locations":[{"start":{"line":183,"column":2},"end":{"line":188,"column":3}},{"start":{},"end":{}}]},"14":{"loc":{"start":{"line":202,"column":2},"end":{"line":209,"column":3}},"type":"if","locations":[{"start":{"line":202,"column":2},"end":{"line":209,"column":3}},{"start":{},"end":{}}]},"15":{"loc":{"start":{"line":223,"column":4},"end":{"line":225,"column":5}},"type":"if","locations":[{"start":{"line":223,"column":4},"end":{"line":225,"column":5}},{"start":{},"end":{}}]},"16":{"loc":{"start":{"line":240,"column":6},"end":{"line":247,"column":7}},"type":"if","locations":[{"start":{"line":240,"column":6},"end":{"line":247,"column":7}},{"start":{},"end":{}}]}},"s":{"0":2,"1":2,"2":2,"3":2,"4":2,"5":2,"6":2,"7":2,"8":2,"9":2,"10":2,"11":2,"12":2,"13":2,"14":2,"15":2,"16":2,"17":2,"18":2,"19":2,"20":2,"21":2,"22":0,"23":0,"24":0,"25":0,"26":0,"27":0,"28":0,"29":0,"30":0,"31":0,"32":0,"33":0,"34":0,"35":0,"36":0,"37":0,"38":0,"39":0,"40":0,"41":0,"42":0,"43":0,"44":2,"45":0,"46":0,"47":0,"48":0,"49":0,"50":0,"51":0,"52":0,"53":0,"54":34,"55":34,"56":34,"57":34,"58":1,"59":33,"60":2,"61":31,"62":31,"63":29,"64":29,"65":85,"66":29,"67":10,"68":15,"69":21,"70":21,"71":2,"72":2,"73":2,"74":2,"75":2,"76":0,"77":0,"78":21,"79":17,"80":3,"81":14,"82":14,"83":26,"84":14,"85":4,"86":15,"87":4,"88":10,"89":0,"90":0,"91":0,"92":0,"93":0,"94":0,"95":0,"96":0,"97":0,"98":0,"99":0,"100":0,"101":0,"102":0,"103":0,"104":0,"105":0,"106":0},"f":{"0":0,"1":0,"2":0,"3":0,"4":0,"5":0,"6":0,"7":0,"8":0,"9":0,"10":0,"11":0,"12":0,"13":0,"14":0,"15":0,"16":34,"17":85,"18":15,"19":2,"20":0,"21":17,"22":26,"23":15,"24":0,"25":0},"b":{"0":[0,0],"1":[0,0],"2":[0,0],"3":[0,0],"4":[0,0],"5":[0,0],"6":[1,33],"7":[2,31],"8":[29,2],"9":[10,19],"10":[2,19],"11":[2,0],"12":[0,2],"13":[3,14],"14":[4,10],"15":[0,0],"16":[0,0]}}
,"/home/cyhunblr/PROJECTs/synaphex/src/lib/settings-schema.ts": {"path":"/home/cyhunblr/PROJECTs/synaphex/src/lib/settings-schema.ts","statementMap":{"0":{"start":{"line":6,"column":32},"end":{"line":6,"column":33}},"1":{"start":{"line":58,"column":4},"end":{"line":171,"column":2}},"2":{"start":{"line":174,"column":71},"end":{"line":180,"column":2}},"3":{"start":{"line":188,"column":2},"end":{"line":188,"column":46}},"4":{"start":{"line":188,"column":33},"end":{"line":188,"column":46}},"5":{"start":{"line":189,"column":2},"end":{"line":191,"column":3}},"6":{"start":{"line":190,"column":4},"end":{"line":190,"column":56}},"7":{"start":{"line":190,"column":39},"end":{"line":190,"column":56}},"8":{"start":{"line":192,"column":2},"end":{"line":192,"column":14}},"9":{"start":{"line":198,"column":2},"end":{"line":251,"column":4}},"10":{"start":{"line":256,"column":2},"end":{"line":264,"column":16}},"11":{"start":{"line":258,"column":16},"end":{"line":258,"column":37}},"12":{"start":{"line":259,"column":20},"end":{"line":261,"column":18}},"13":{"start":{"line":262,"column":6},"end":{"line":262,"column":44}}},"fnMap":{"0":{"name":"resolveModelId","decl":{"start":{"line":187,"column":16},"end":{"line":187,"column":30}},"loc":{"start":{"line":187,"column":44},"end":{"line":193,"column":1}}},"1":{"name":"createDefaultSettings","decl":{"start":{"line":195,"column":16},"end":{"line":195,"column":37}},"loc":{"start":{"line":196,"column":24},"end":{"line":252,"column":1}}},"2":{"name":"summarizeAgents","decl":{"start":{"line":255,"column":16},"end":{"line":255,"column":31}},"loc":{"start":{"line":255,"column":58},"end":{"line":265,"column":1}}},"3":{"name":"(anonymous_3)","decl":{"start":{"line":257,"column":9},"end":{"line":257,"column":10}},"loc":{"start":{"line":257,"column":18},"end":{"line":263,"column":5}}}},"branchMap":{"0":{"loc":{"start":{"line":188,"column":2},"end":{"line":188,"column":46}},"type":"if","locations":[{"start":{"line":188,"column":2},"end":{"line":188,"column":46}},{"start":{},"end":{}}]},"1":{"loc":{"start":{"line":190,"column":4},"end":{"line":190,"column":56}},"type":"if","locations":[{"start":{"line":190,"column":4},"end":{"line":190,"column":56}},{"start":{},"end":{}}]},"2":{"loc":{"start":{"line":196,"column":2},"end":{"line":196,"column":24}},"type":"default-arg","locations":[{"start":{"line":196,"column":14},"end":{"line":196,"column":24}}]},"3":{"loc":{"start":{"line":259,"column":21},"end":{"line":259,"column":45}},"type":"cond-expr","locations":[{"start":{"line":259,"column":31},"end":{"line":259,"column":38}},{"start":{"line":259,"column":41},"end":{"line":259,"column":45}}]}},"s":{"0":0,"1":0,"2":0,"3":0,"4":0,"5":0,"6":0,"7":0,"8":0,"9":0,"10":0,"11":0,"12":0,"13":0},"f":{"0":0,"1":0,"2":0,"3":0},"b":{"0":[0,0],"1":[0,0],"2":[0],"3":[0,0]}}
,"/home/cyhunblr/PROJECTs/synaphex/src/lib/task-slug.ts": {"path":"/home/cyhunblr/PROJECTs/synaphex/src/lib/task-slug.ts","statementMap":{"0":{"start":{"line":6,"column":13},"end":{"line":10,"column":26}},"1":{"start":{"line":12,"column":2},"end":{"line":14,"column":3}},"2":{"start":{"line":13,"column":4},"end":{"line":13,"column":32}},"3":{"start":{"line":17,"column":2},"end":{"line":23,"column":3}},"4":{"start":{"line":18,"column":4},"end":{"line":18,"column":29}},"5":{"start":{"line":19,"column":23},"end":{"line":19,"column":44}},"6":{"start":{"line":20,"column":4},"end":{"line":22,"column":5}},"7":{"start":{"line":21,"column":6},"end":{"line":21,"column":39}},"8":{"start":{"line":25,"column":2},"end":{"line":25,"column":14}}},"fnMap":{"0":{"name":"generateTaskSlug","decl":{"start":{"line":5,"column":16},"end":{"line":5,"column":32}},"loc":{"start":{"line":5,"column":49},"end":{"line":26,"column":1}}}},"branchMap":{"0":{"loc":{"start":{"line":12,"column":2},"end":{"line":14,"column":3}},"type":"if","locations":[{"start":{"line":12,"column":2},"end":{"line":14,"column":3}},{"start":{},"end":{}}]},"1":{"loc":{"start":{"line":17,"column":2},"end":{"line":23,"column":3}},"type":"if","locations":[{"start":{"line":17,"column":2},"end":{"line":23,"column":3}},{"start":{},"end":{}}]},"2":{"loc":{"start":{"line":20,"column":4},"end":{"line":22,"column":5}},"type":"if","locations":[{"start":{"line":20,"column":4},"end":{"line":22,"column":5}},{"start":{},"end":{}}]}},"s":{"0":0,"1":0,"2":0,"3":0,"4":0,"5":0,"6":0,"7":0,"8":0},"f":{"0":0},"b":{"0":[0,0],"1":[0,0],"2":[0,0]}}
,"/home/cyhunblr/PROJECTs/synaphex/src/lib/task-state.ts": {"path":"/home/cyhunblr/PROJECTs/synaphex/src/lib/task-state.ts","statementMap":{"0":{"start":{"line":10,"column":65},"end":{"line":19,"column":2}},"1":{"start":{"line":21,"column":30},"end":{"line":23,"column":24}},"2":{"start":{"line":22,"column":23},"end":{"line":22,"column":35}},"3":{"start":{"line":23,"column":19},"end":{"line":23,"column":23}},"4":{"start":{"line":25,"column":30},"end":{"line":27,"column":24}},"5":{"start":{"line":26,"column":23},"end":{"line":26,"column":36}},"6":{"start":{"line":27,"column":19},"end":{"line":27,"column":23}},"7":{"start":{"line":30,"column":2},"end":{"line":30,"column":54}},"8":{"start":{"line":34,"column":2},"end":{"line":34,"column":39}},"9":{"start":{"line":38,"column":2},"end":{"line":38,"column":55}},"10":{"start":{"line":42,"column":2},"end":{"line":51,"column":4}}},"fnMap":{"0":{"name":"(anonymous_0)","decl":{"start":{"line":22,"column":10},"end":{"line":22,"column":11}},"loc":{"start":{"line":22,"column":23},"end":{"line":22,"column":35}}},"1":{"name":"(anonymous_1)","decl":{"start":{"line":23,"column":7},"end":{"line":23,"column":8}},"loc":{"start":{"line":23,"column":19},"end":{"line":23,"column":23}}},"2":{"name":"(anonymous_2)","decl":{"start":{"line":26,"column":10},"end":{"line":26,"column":11}},"loc":{"start":{"line":26,"column":23},"end":{"line":26,"column":36}}},"3":{"name":"(anonymous_3)","decl":{"start":{"line":27,"column":7},"end":{"line":27,"column":8}},"loc":{"start":{"line":27,"column":19},"end":{"line":27,"column":23}}},"4":{"name":"getStepDependencies","decl":{"start":{"line":29,"column":16},"end":{"line":29,"column":35}},"loc":{"start":{"line":29,"column":48},"end":{"line":31,"column":1}}},"5":{"name":"isRequiredStep","decl":{"start":{"line":33,"column":16},"end":{"line":33,"column":30}},"loc":{"start":{"line":33,"column":43},"end":{"line":35,"column":1}}},"6":{"name":"isValidStep","decl":{"start":{"line":37,"column":16},"end":{"line":37,"column":27}},"loc":{"start":{"line":37,"column":40},"end":{"line":39,"column":1}}},"7":{"name":"getWorkflowOrder","decl":{"start":{"line":41,"column":16},"end":{"line":41,"column":32}},"loc":{"start":{"line":41,"column":32},"end":{"line":52,"column":1}}}},"branchMap":{"0":{"loc":{"start":{"line":30,"column":9},"end":{"line":30,"column":53}},"type":"binary-expr","locations":[{"start":{"line":30,"column":9},"end":{"line":30,"column":47}},{"start":{"line":30,"column":51},"end":{"line":30,"column":53}}]}},"s":{"0":0,"1":0,"2":0,"3":0,"4":0,"5":0,"6":0,"7":0,"8":0,"9":0,"10":0},"f":{"0":0,"1":0,"2":0,"3":0,"4":0,"5":0,"6":0,"7":0},"b":{"0":[0,0]}}
}
