TN:
SF:src/agents/answerer.ts
FN:23,buildAnswererPrompt
FN:53,parseAnswererResponse
FNF:2
FNH:2
FNDA:5,buildAnswererPrompt
FNDA:11,parseAnswererResponse
DA:6,1
DA:23,1
DA:29,5
DA:31,5
DA:32,1
DA:35,5
DA:47,5
DA:53,1
DA:58,11
DA:59,11
DA:61,11
DA:62,7
DA:73,4
LF:13
LH:13
BRDA:31,0,0,1
BRDA:31,0,1,4
BRDA:61,1,0,7
BRDA:61,1,1,4
BRDA:66,2,0,6
BRDA:66,2,1,1
BRF:6
BRH:6
end_of_record
TN:
SF:src/agents/coder.ts
FN:136,buildCoderPrompt
FNF:1
FNH:0
FNDA:0,buildCoderPrompt
DA:8,0
DA:44,0
DA:143,0
LF:3
LH:0
BRF:0
BRH:0
end_of_record
TN:
SF:src/agents/examiner.ts
FN:22,safePath
FN:67,readFile
FN:84,writeFile
FN:95,editFile
FN:115,listFiles
FN:152,(anonymous_5)
FN:153,(anonymous_6)
FN:161,searchCode
FN:173,(anonymous_8)
FN:292,buildExaminerPrompt
FNF:10
FNH:0
FNDA:0,safePath
FNDA:0,readFile
FNDA:0,writeFile
FNDA:0,editFile
FNDA:0,listFiles
FNDA:0,(anonymous_5)
FNDA:0,(anonymous_6)
FNDA:0,searchCode
FNDA:0,(anonymous_8)
FNDA:0,buildExaminerPrompt
DA:12,0
DA:14,0
DA:15,0
DA:16,0
DA:23,0
DA:24,0
DA:25,0
DA:29,0
DA:34,0
DA:35,0
DA:36,0
DA:37,0
DA:38,0
DA:43,0
DA:44,0
DA:46,0
DA:47,0
DA:48,0
DA:49,0
DA:50,0
DA:54,0
DA:63,0
DA:71,0
DA:72,0
DA:73,0
DA:74,0
DA:75,0
DA:80,0
DA:89,0
DA:90,0
DA:91,0
DA:101,0
DA:102,0
DA:103,0
DA:104,0
DA:105,0
DA:110,0
DA:111,0
DA:119,0
DA:120,0
DA:150,0
DA:152,0
DA:153,0
DA:156,0
DA:166,0
DA:167,0
DA:168,0
DA:173,0
DA:174,0
DA:175,0
DA:180,0
DA:182,0
DA:186,0
DA:222,0
DA:297,0
LF:55
LH:0
BRDA:25,0,0,0
BRDA:25,0,1,0
BRDA:26,1,0,0
BRDA:26,1,1,0
BRDA:37,2,0,0
BRDA:37,2,1,0
BRDA:37,3,0,0
BRDA:37,3,1,0
BRDA:43,4,0,0
BRDA:43,4,1,0
BRDA:50,5,0,0
BRDA:50,5,1,0
BRDA:51,6,0,0
BRDA:51,6,1,0
BRDA:73,7,0,0
BRDA:73,7,1,0
BRDA:104,8,0,0
BRDA:104,8,1,0
BRDA:127,9,0,0
BRDA:127,9,1,0
BRDA:167,10,0,0
BRDA:167,10,1,0
BRDA:174,11,0,0
BRDA:174,11,1,0
BRDA:180,12,0,0
BRDA:180,12,1,0
BRF:26
BRH:0
end_of_record
TN:
SF:src/agents/planner.ts
FN:47,buildPlannerPrompt
FNF:1
FNH:0
FNDA:0,buildPlannerPrompt
DA:6,0
DA:53,0
DA:55,0
DA:56,0
DA:64,0
DA:70,0
LF:6
LH:0
BRDA:55,0,0,0
BRDA:55,0,1,0
BRDA:55,1,0,0
BRDA:55,1,1,0
BRDA:55,1,2,0
BRF:5
BRH:0
end_of_record
TN:
SF:src/agents/researcher.ts
FN:84,buildResearcherPrompt
FNF:1
FNH:1
FNDA:5,buildResearcherPrompt
DA:8,1
DA:42,1
DA:84,1
DA:88,5
LF:4
LH:4
BRF:0
BRH:0
end_of_record
TN:
SF:src/agents/reviewer.ts
FN:90,buildReviewerPrompt
FN:122,parseReviewerResponse
FNF:2
FNH:0
FNDA:0,buildReviewerPrompt
FNDA:0,parseReviewerResponse
DA:8,0
DA:44,0
DA:97,0
DA:127,0
DA:129,0
DA:131,0
DA:140,0
DA:143,0
DA:146,0
DA:152,0
LF:10
LH:0
BRDA:129,0,0,0
BRDA:129,0,1,0
BRDA:140,1,0,0
BRDA:140,1,1,0
BRDA:146,2,0,0
BRDA:146,2,1,0
BRDA:148,3,0,0
BRDA:148,3,1,0
BRF:8
BRH:0
end_of_record
TN:
SF:src/lib/agent-runtime.ts
FN:20,getClient
FN:35,buildThinkingParam
FN:46,toAnthropicTools
FN:47,(anonymous_3)
FN:55,extractUsage
FN:66,sleep
FN:67,(anonymous_6)
FN:74,runAgent
FN:83,(anonymous_8)
FN:88,(anonymous_9)
FN:194,callWithRetry
FNF:11
FNH:0
FNDA:0,getClient
FNDA:0,buildThinkingParam
FNDA:0,toAnthropicTools
FNDA:0,(anonymous_3)
FNDA:0,extractUsage
FNDA:0,sleep
FNDA:0,(anonymous_6)
FNDA:0,runAgent
FNDA:0,(anonymous_8)
FNDA:0,(anonymous_9)
FNDA:0,callWithRetry
DA:18,0
DA:21,0
DA:22,0
DA:23,0
DA:24,0
DA:29,0
DA:31,0
DA:38,0
DA:39,0
DA:41,0
DA:42,0
DA:47,0
DA:56,0
DA:57,0
DA:67,0
DA:75,0
DA:76,0
DA:78,0
DA:80,0
DA:83,0
DA:84,0
DA:85,0
DA:88,0
DA:89,0
DA:90,0
DA:91,0
DA:98,0
DA:99,0
DA:107,0
DA:109,0
DA:112,0
DA:113,0
DA:114,0
DA:115,0
DA:116,0
DA:118,0
DA:119,0
DA:128,0
DA:129,0
DA:132,0
DA:133,0
DA:134,0
DA:135,0
DA:136,0
DA:137,0
DA:138,0
DA:139,0
DA:144,0
DA:145,0
DA:149,0
DA:152,0
DA:158,0
DA:159,0
DA:160,0
DA:164,0
DA:173,0
DA:179,0
DA:180,0
DA:184,0
DA:198,0
DA:199,0
DA:201,0
DA:202,0
DA:203,0
DA:204,0
DA:205,0
DA:207,0
DA:208,0
DA:209,0
DA:210,0
DA:212,0
LF:71
LH:0
BRDA:21,0,0,0
BRDA:21,0,1,0
BRDA:23,1,0,0
BRDA:23,1,1,0
BRDA:38,2,0,0
BRDA:38,2,1,0
BRDA:38,3,0,0
BRDA:38,3,1,0
BRDA:58,4,0,0
BRDA:58,4,1,0
BRDA:59,5,0,0
BRDA:59,5,1,0
BRDA:76,6,0,0
BRDA:80,7,0,0
BRDA:80,7,1,0
BRDA:80,8,0,0
BRDA:80,8,1,0
BRDA:84,9,0,0
BRDA:84,9,1,0
BRDA:89,10,0,0
BRDA:89,10,1,0
BRDA:90,11,0,0
BRDA:90,11,1,0
BRDA:98,12,0,0
BRDA:98,12,1,0
BRDA:121,13,0,0
BRDA:121,13,1,0
BRDA:129,14,0,0
BRDA:129,14,1,0
BRDA:134,15,0,0
BRDA:134,15,1,0
BRDA:136,16,0,0
BRDA:136,16,1,0
BRDA:138,17,0,0
BRDA:138,17,1,0
BRDA:144,18,0,0
BRDA:144,18,1,0
BRDA:144,19,0,0
BRDA:144,19,1,0
BRDA:179,20,0,0
BRDA:179,20,1,0
BRDA:202,21,0,0
BRDA:202,21,1,0
BRDA:207,22,0,0
BRDA:207,22,1,0
BRF:45
BRH:0
end_of_record
TN:
SF:src/lib/delegated-prompt.ts
FN:36,buildTransitionNote
FN:79,buildNextStepHint
FN:149,buildDelegatedPrompt
FNF:3
FNH:0
FNDA:0,buildTransitionNote
FNDA:0,buildNextStepHint
FNDA:0,buildDelegatedPrompt
DA:16,0
DA:26,0
DA:40,0
DA:41,0
DA:42,0
DA:45,0
DA:46,0
DA:47,0
DA:49,0
DA:50,0
DA:52,0
DA:53,0
DA:59,0
DA:61,0
DA:63,0
DA:67,0
DA:86,0
DA:88,0
DA:99,0
DA:111,0
DA:123,0
DA:130,0
DA:150,0
DA:152,0
DA:153,0
DA:161,0
LF:26
LH:0
BRDA:41,0,0,0
BRDA:41,0,1,0
BRDA:41,1,0,0
BRDA:41,1,1,0
BRDA:52,2,0,0
BRDA:52,2,1,0
BRDA:52,3,0,0
BRDA:52,3,1,0
BRDA:59,4,0,0
BRDA:59,4,1,0
BRDA:61,5,0,0
BRDA:61,5,1,0
BRDA:63,6,0,0
BRDA:63,6,1,0
BRDA:86,7,0,0
BRDA:86,7,1,0
BRDA:86,7,2,0
BRDA:86,7,3,0
BRDA:86,7,4,0
BRDA:150,8,0,0
BRDA:150,8,1,0
BRF:21
BRH:0
end_of_record
TN:
SF:src/lib/error-messages.ts
FN:7,formatValidationError
FN:13,(anonymous_1)
FN:29,formatStepAlreadyDoneError
FN:35,formatUnknownStepError
FN:39,formatMissingPriorStepsError
FN:43,(anonymous_5)
FNF:6
FNH:0
FNDA:0,formatValidationError
FNDA:0,(anonymous_1)
FNDA:0,formatStepAlreadyDoneError
FNDA:0,formatUnknownStepError
FNDA:0,formatMissingPriorStepsError
FNDA:0,(anonymous_5)
DA:11,0
DA:12,0
DA:14,0
DA:15,0
DA:16,0
DA:17,0
DA:21,0
DA:30,0
DA:36,0
DA:43,0
LF:10
LH:0
BRDA:16,0,0,0
BRDA:16,0,1,0
BRDA:16,1,0,0
BRDA:16,1,1,0
BRF:4
BRH:0
end_of_record
TN:
SF:src/lib/pipeline-types.ts
FN:49,emptyUsage
FN:53,addUsage
FNF:2
FNH:0
FNDA:0,emptyUsage
FNDA:0,addUsage
DA:50,0
DA:54,0
LF:2
LH:0
BRF:0
BRH:0
end_of_record
TN:
SF:src/lib/project-store.ts
FN:11,projectDir
FN:15,memoryDir
FN:19,internalMemoryDir
FN:23,externalMemoryDir
FN:27,settingsPath
FN:31,metaPath
FN:35,tasksDir
FN:39,taskSlugDir
FN:45,ensureSynaphexHome
FN:49,projectExists
FN:58,listProjects
FN:62,(anonymous_20)
FN:63,(anonymous_21)
FN:70,readJsonFile
FN:75,writeJsonFile
FN:86,validateProjectName
FN:113,validateTaskSequence
FN:146,(anonymous_26)
FN:151,(anonymous_27)
FN:164,(anonymous_28)
FN:168,(anonymous_29)
FN:178,validateCompletedSteps
FN:200,(anonymous_31)
FN:203,(anonymous_32)
FN:214,gracefulReadJsonFile
FN:230,detectBrokenSymlinks
FNF:26
FNH:7
FNDA:0,projectDir
FNDA:0,memoryDir
FNDA:0,internalMemoryDir
FNDA:0,externalMemoryDir
FNDA:0,settingsPath
FNDA:0,metaPath
FNDA:0,tasksDir
FNDA:0,taskSlugDir
FNDA:0,ensureSynaphexHome
FNDA:0,projectExists
FNDA:0,listProjects
FNDA:0,(anonymous_20)
FNDA:0,(anonymous_21)
FNDA:0,readJsonFile
FNDA:0,writeJsonFile
FNDA:0,validateProjectName
FNDA:34,validateTaskSequence
FNDA:85,(anonymous_26)
FNDA:15,(anonymous_27)
FNDA:2,(anonymous_28)
FNDA:0,(anonymous_29)
FNDA:17,validateCompletedSteps
FNDA:26,(anonymous_31)
FNDA:15,(anonymous_32)
FNDA:0,gracefulReadJsonFile
FNDA:0,detectBrokenSymlinks
DA:1,2
DA:2,2
DA:3,2
DA:7,2
DA:11,2
DA:12,0
DA:15,2
DA:16,0
DA:19,2
DA:20,0
DA:23,2
DA:24,0
DA:27,2
DA:28,0
DA:31,2
DA:32,0
DA:35,2
DA:36,0
DA:39,2
DA:40,0
DA:45,2
DA:46,0
DA:49,2
DA:50,0
DA:51,0
DA:52,0
DA:54,0
DA:58,2
DA:59,0
DA:60,0
DA:61,0
DA:62,0
DA:63,0
DA:66,0
DA:70,2
DA:71,0
DA:72,0
DA:75,2
DA:79,0
DA:84,2
DA:86,2
DA:90,0
DA:91,0
DA:93,0
DA:94,0
DA:99,0
DA:100,0
DA:107,0
DA:108,0
DA:110,0
DA:113,2
DA:120,34
DA:128,34
DA:129,34
DA:131,34
DA:132,1
DA:135,33
DA:136,2
DA:142,31
DA:143,31
DA:144,29
DA:145,29
DA:146,85
DA:148,29
DA:149,10
DA:151,15
DA:157,21
DA:158,21
DA:159,2
DA:163,2
DA:164,2
DA:165,2
DA:166,0
DA:168,0
DA:173,21
DA:178,2
DA:183,17
DA:184,3
DA:190,14
DA:200,26
DA:202,14
DA:203,15
DA:204,4
DA:211,10
DA:214,2
DA:218,0
DA:219,0
DA:220,0
DA:221,0
DA:223,0
DA:224,0
DA:226,0
DA:230,2
DA:233,0
DA:235,0
DA:236,0
DA:237,0
DA:239,0
DA:240,0
DA:241,0
DA:242,0
DA:243,0
DA:245,0
DA:253,0
LF:104
LH:53
BRDA:90,0,0,0
BRDA:90,0,1,0
BRDA:90,1,0,0
BRDA:90,1,1,0
BRDA:93,2,0,0
BRDA:93,2,1,0
BRDA:99,3,0,0
BRDA:99,3,1,0
BRDA:107,4,0,0
BRDA:107,4,1,0
BRDA:107,5,0,0
BRDA:107,5,1,0
BRDA:131,6,0,1
BRDA:131,6,1,33
BRDA:135,7,0,2
BRDA:135,7,1,31
BRDA:143,8,0,29
BRDA:143,8,1,2
BRDA:148,9,0,10
BRDA:148,9,1,19
BRDA:158,10,0,2
BRDA:158,10,1,19
BRDA:163,11,0,2
BRDA:163,11,1,0
BRDA:165,12,0,0
BRDA:165,12,1,2
BRDA:183,13,0,3
BRDA:183,13,1,14
BRDA:202,14,0,4
BRDA:202,14,1,10
BRDA:223,15,0,0
BRDA:223,15,1,0
BRDA:240,16,0,0
BRDA:240,16,1,0
BRF:34
BRH:16
end_of_record
TN:
SF:src/lib/settings-schema.ts
FN:187,resolveModelId
FN:195,createDefaultSettings
FN:255,summarizeAgents
FN:257,(anonymous_3)
FNF:4
FNH:0
FNDA:0,resolveModelId
FNDA:0,createDefaultSettings
FNDA:0,summarizeAgents
FNDA:0,(anonymous_3)
DA:6,0
DA:58,0
DA:174,0
DA:188,0
DA:189,0
DA:190,0
DA:192,0
DA:198,0
DA:256,0
DA:258,0
DA:259,0
DA:262,0
LF:12
LH:0
BRDA:188,0,0,0
BRDA:188,0,1,0
BRDA:190,1,0,0
BRDA:190,1,1,0
BRDA:196,2,0,0
BRDA:259,3,0,0
BRDA:259,3,1,0
BRF:7
BRH:0
end_of_record
TN:
SF:src/lib/task-slug.ts
FN:5,generateTaskSlug
FNF:1
FNH:0
FNDA:0,generateTaskSlug
DA:6,0
DA:12,0
DA:13,0
DA:17,0
DA:18,0
DA:19,0
DA:20,0
DA:21,0
DA:25,0
LF:9
LH:0
BRDA:12,0,0,0
BRDA:12,0,1,0
BRDA:17,1,0,0
BRDA:17,1,1,0
BRDA:20,2,0,0
BRDA:20,2,1,0
BRF:6
BRH:0
end_of_record
TN:
SF:src/lib/task-state.ts
FN:22,(anonymous_0)
FN:23,(anonymous_1)
FN:26,(anonymous_2)
FN:27,(anonymous_3)
FN:29,getStepDependencies
FN:33,isRequiredStep
FN:37,isValidStep
FN:41,getWorkflowOrder
FNF:8
FNH:0
FNDA:0,(anonymous_0)
FNDA:0,(anonymous_1)
FNDA:0,(anonymous_2)
FNDA:0,(anonymous_3)
FNDA:0,getStepDependencies
FNDA:0,isRequiredStep
FNDA:0,isValidStep
FNDA:0,getWorkflowOrder
DA:10,0
DA:21,0
DA:22,0
DA:23,0
DA:25,0
DA:26,0
DA:27,0
DA:30,0
DA:34,0
DA:38,0
DA:42,0
LF:11
LH:0
BRDA:30,0,0,0
BRDA:30,0,1,0
BRF:2
BRH:0
end_of_record
